Analysis & Synthesis report for TENGEN_TOPPA_LU_AU
Fri Jul 22 06:21:55 2016
Quartus Prime Version 16.0.0 Build 211 04/27/2016 SJ Lite Edition


---------------------
; Table of Contents ;
---------------------
  1. Legal Notice
  2. Analysis & Synthesis Summary
  3. Analysis & Synthesis Settings
  4. Parallel Compilation
  5. Analysis & Synthesis Source Files Read
  6. Analysis & Synthesis Resource Usage Summary
  7. Analysis & Synthesis Resource Utilization by Entity
  8. General Register Statistics
  9. Multiplexer Restructuring Statistics (Restructuring Performed)
 10. Port Connectivity Checks: "functional_unit:al_shift|RO_SH_GOOD:shift"
 11. Port Connectivity Checks: "functional_unit:al_shift|ALU:al"
 12. Post-Synthesis Netlist Statistics for Top Partition
 13. Elapsed Time Per Partition
 14. Analysis & Synthesis Messages



----------------
; Legal Notice ;
----------------
Copyright (C) 1991-2016 Altera Corporation. All rights reserved.
Your use of Altera Corporation's design tools, logic functions 
and other software and tools, and its AMPP partner logic 
functions, and any output files from any of the foregoing 
(including device programming or simulation files), and any 
associated documentation or information are expressly subject 
to the terms and conditions of the Altera Program License 
Subscription Agreement, the Altera Quartus Prime License Agreement,
the Altera MegaCore Function License Agreement, or other 
applicable license agreement, including, without limitation, 
that your use is for the sole purpose of programming logic 
devices manufactured by Altera and sold by Altera or its 
authorized distributors.  Please refer to the applicable 
agreement for further details.



+-------------------------------------------------------------------------------+
; Analysis & Synthesis Summary                                                  ;
+---------------------------------+---------------------------------------------+
; Analysis & Synthesis Status     ; Successful - Fri Jul 22 06:21:55 2016       ;
; Quartus Prime Version           ; 16.0.0 Build 211 04/27/2016 SJ Lite Edition ;
; Revision Name                   ; TENGEN_TOPPA_LU_AU                          ;
; Top-level Entity Name           ; datapath                                    ;
; Family                          ; Cyclone V                                   ;
; Logic utilization (in ALMs)     ; N/A                                         ;
; Total registers                 ; 256                                         ;
; Total pins                      ; 84                                          ;
; Total virtual pins              ; 0                                           ;
; Total block memory bits         ; 0                                           ;
; Total DSP Blocks                ; 0                                           ;
; Total HSSI RX PCSs              ; 0                                           ;
; Total HSSI PMA RX Deserializers ; 0                                           ;
; Total HSSI TX PCSs              ; 0                                           ;
; Total HSSI PMA TX Serializers   ; 0                                           ;
; Total PLLs                      ; 0                                           ;
; Total DLLs                      ; 0                                           ;
+---------------------------------+---------------------------------------------+


+---------------------------------------------------------------------------------------------------------------------------+
; Analysis & Synthesis Settings                                                                                             ;
+---------------------------------------------------------------------------------+--------------------+--------------------+
; Option                                                                          ; Setting            ; Default Value      ;
+---------------------------------------------------------------------------------+--------------------+--------------------+
; Device                                                                          ; 5CSEMA4U23C6       ;                    ;
; Top-level entity name                                                           ; datapath           ; TENGEN_TOPPA_LU_AU ;
; Family name                                                                     ; Cyclone V          ; Cyclone V          ;
; Use smart compilation                                                           ; Off                ; Off                ;
; Enable parallel Assembler and TimeQuest Timing Analyzer during compilation      ; On                 ; On                 ;
; Enable compact report table                                                     ; Off                ; Off                ;
; Restructure Multiplexers                                                        ; Auto               ; Auto               ;
; MLAB Add Timing Constraints For Mixed-Port Feed-Through Mode Setting Don't Care ; Off                ; Off                ;
; Create Debugging Nodes for IP Cores                                             ; Off                ; Off                ;
; Preserve fewer node names                                                       ; On                 ; On                 ;
; Disable OpenCore Plus hardware evaluation                                       ; Off                ; Off                ;
; Verilog Version                                                                 ; Verilog_2001       ; Verilog_2001       ;
; VHDL Version                                                                    ; VHDL_1993          ; VHDL_1993          ;
; State Machine Processing                                                        ; Auto               ; Auto               ;
; Safe State Machine                                                              ; Off                ; Off                ;
; Extract Verilog State Machines                                                  ; On                 ; On                 ;
; Extract VHDL State Machines                                                     ; On                 ; On                 ;
; Ignore Verilog initial constructs                                               ; Off                ; Off                ;
; Iteration limit for constant Verilog loops                                      ; 5000               ; 5000               ;
; Iteration limit for non-constant Verilog loops                                  ; 250                ; 250                ;
; Add Pass-Through Logic to Inferred RAMs                                         ; On                 ; On                 ;
; Infer RAMs from Raw Logic                                                       ; On                 ; On                 ;
; Parallel Synthesis                                                              ; On                 ; On                 ;
; DSP Block Balancing                                                             ; Auto               ; Auto               ;
; NOT Gate Push-Back                                                              ; On                 ; On                 ;
; Power-Up Don't Care                                                             ; On                 ; On                 ;
; Remove Redundant Logic Cells                                                    ; Off                ; Off                ;
; Remove Duplicate Registers                                                      ; On                 ; On                 ;
; Ignore CARRY Buffers                                                            ; Off                ; Off                ;
; Ignore CASCADE Buffers                                                          ; Off                ; Off                ;
; Ignore GLOBAL Buffers                                                           ; Off                ; Off                ;
; Ignore ROW GLOBAL Buffers                                                       ; Off                ; Off                ;
; Ignore LCELL Buffers                                                            ; Off                ; Off                ;
; Ignore SOFT Buffers                                                             ; On                 ; On                 ;
; Limit AHDL Integers to 32 Bits                                                  ; Off                ; Off                ;
; Optimization Technique                                                          ; Balanced           ; Balanced           ;
; Carry Chain Length                                                              ; 70                 ; 70                 ;
; Auto Carry Chains                                                               ; On                 ; On                 ;
; Auto Open-Drain Pins                                                            ; On                 ; On                 ;
; Perform WYSIWYG Primitive Resynthesis                                           ; Off                ; Off                ;
; Auto ROM Replacement                                                            ; On                 ; On                 ;
; Auto RAM Replacement                                                            ; On                 ; On                 ;
; Auto DSP Block Replacement                                                      ; On                 ; On                 ;
; Auto Shift Register Replacement                                                 ; Auto               ; Auto               ;
; Allow Shift Register Merging across Hierarchies                                 ; Auto               ; Auto               ;
; Auto Clock Enable Replacement                                                   ; On                 ; On                 ;
; Strict RAM Replacement                                                          ; Off                ; Off                ;
; Allow Synchronous Control Signals                                               ; On                 ; On                 ;
; Force Use of Synchronous Clear Signals                                          ; Off                ; Off                ;
; Auto Resource Sharing                                                           ; Off                ; Off                ;
; Allow Any RAM Size For Recognition                                              ; Off                ; Off                ;
; Allow Any ROM Size For Recognition                                              ; Off                ; Off                ;
; Allow Any Shift Register Size For Recognition                                   ; Off                ; Off                ;
; Use LogicLock Constraints during Resource Balancing                             ; On                 ; On                 ;
; Ignore translate_off and synthesis_off directives                               ; Off                ; Off                ;
; Timing-Driven Synthesis                                                         ; On                 ; On                 ;
; Report Parameter Settings                                                       ; On                 ; On                 ;
; Report Source Assignments                                                       ; On                 ; On                 ;
; Report Connectivity Checks                                                      ; On                 ; On                 ;
; Ignore Maximum Fan-Out Assignments                                              ; Off                ; Off                ;
; Synchronization Register Chain Length                                           ; 3                  ; 3                  ;
; PowerPlay Power Optimization During Synthesis                                   ; Normal compilation ; Normal compilation ;
; HDL message level                                                               ; Level2             ; Level2             ;
; Suppress Register Optimization Related Messages                                 ; Off                ; Off                ;
; Number of Removed Registers Reported in Synthesis Report                        ; 5000               ; 5000               ;
; Number of Swept Nodes Reported in Synthesis Report                              ; 5000               ; 5000               ;
; Number of Inverted Registers Reported in Synthesis Report                       ; 100                ; 100                ;
; Clock MUX Protection                                                            ; On                 ; On                 ;
; Auto Gated Clock Conversion                                                     ; Off                ; Off                ;
; Block Design Naming                                                             ; Auto               ; Auto               ;
; SDC constraint protection                                                       ; Off                ; Off                ;
; Synthesis Effort                                                                ; Auto               ; Auto               ;
; Shift Register Replacement - Allow Asynchronous Clear Signal                    ; On                 ; On                 ;
; Pre-Mapping Resynthesis Optimization                                            ; Off                ; Off                ;
; Analysis & Synthesis Message Level                                              ; Medium             ; Medium             ;
; Disable Register Merging Across Hierarchies                                     ; Auto               ; Auto               ;
; Resource Aware Inference For Block RAM                                          ; On                 ; On                 ;
; Synthesis Seed                                                                  ; 1                  ; 1                  ;
; Automatic Parallel Synthesis                                                    ; On                 ; On                 ;
; Partial Reconfiguration Bitstream ID                                            ; Off                ; Off                ;
+---------------------------------------------------------------------------------+--------------------+--------------------+


Parallel compilation was disabled, but you have multiple processors available. Enable parallel compilation to reduce compilation time.
+-------------------------------------+
; Parallel Compilation                ;
+----------------------------+--------+
; Processors                 ; Number ;
+----------------------------+--------+
; Number detected on machine ; 4      ;
; Maximum allowed            ; 1      ;
+----------------------------+--------+


+---------------------------------------------------------------------------------------------------------------------------------------+
; Analysis & Synthesis Source Files Read                                                                                                ;
+----------------------------------+-----------------+------------------------+-----------------------------------------------+---------+
; File Name with User-Entered Path ; Used in Netlist ; File Type              ; File Name with Absolute Path                  ; Library ;
+----------------------------------+-----------------+------------------------+-----------------------------------------------+---------+
; NA.v                             ; yes             ; User Verilog HDL File  ; C:/quartus_project/21.07.16/NA.v              ;         ;
; FA.v                             ; yes             ; User Verilog HDL File  ; C:/quartus_project/21.07.16/FA.v              ;         ;
; RO_SH_GOOD.v                     ; yes             ; User Verilog HDL File  ; C:/quartus_project/21.07.16/RO_SH_GOOD.v      ;         ;
; ../multiplex_1_4.v               ; yes             ; User Verilog HDL File  ; C:/quartus_project/multiplex_1_4.v            ;         ;
; ALU.v                            ; yes             ; User Verilog HDL File  ; C:/quartus_project/21.07.16/ALU.v             ;         ;
; datapath.v                       ; yes             ; User Verilog HDL File  ; C:/quartus_project/21.07.16/datapath.v        ;         ;
; functional_unit.v                ; yes             ; User Verilog HDL File  ; C:/quartus_project/21.07.16/functional_unit.v ;         ;
; reg_file.v                       ; yes             ; User Verilog HDL File  ; C:/quartus_project/21.07.16/reg_file.v        ;         ;
; multiplex4_16.v                  ; yes             ; User Verilog HDL File  ; C:/quartus_project/21.07.16/multiplex4_16.v   ;         ;
; register16.v                     ; yes             ; User Verilog HDL File  ; C:/quartus_project/21.07.16/register16.v      ;         ;
; multiplex16_16.v                 ; yes             ; User Verilog HDL File  ; C:/quartus_project/21.07.16/multiplex16_16.v  ;         ;
; multiplex2_16.v                  ; yes             ; User Verilog HDL File  ; C:/quartus_project/21.07.16/multiplex2_16.v   ;         ;
; LU16.v                           ; yes             ; User Verilog HDL File  ; C:/quartus_project/21.07.16/LU16.v            ;         ;
; decoder_16.v                     ; yes             ; User Verilog HDL File  ; C:/quartus_project/21.07.16/decoder_16.v      ;         ;
; AU_16.v                          ; yes             ; User Verilog HDL File  ; C:/quartus_project/21.07.16/AU_16.v           ;         ;
; multiplex2_14.v                  ; yes             ; User Verilog HDL File  ; C:/quartus_project/21.07.16/multiplex2_14.v   ;         ;
+----------------------------------+-----------------+------------------------+-----------------------------------------------+---------+


+---------------------------------------------------------+
; Analysis & Synthesis Resource Usage Summary             ;
+---------------------------------------------+-----------+
; Resource                                    ; Usage     ;
+---------------------------------------------+-----------+
; Estimate of Logic utilization (ALMs needed) ; 270       ;
;                                             ;           ;
; Combinational ALUT usage for logic          ; 290       ;
;     -- 7 input functions                    ; 6         ;
;     -- 6 input functions                    ; 198       ;
;     -- 5 input functions                    ; 33        ;
;     -- 4 input functions                    ; 32        ;
;     -- <=3 input functions                  ; 21        ;
;                                             ;           ;
; Dedicated logic registers                   ; 256       ;
;                                             ;           ;
; I/O pins                                    ; 84        ;
;                                             ;           ;
; Total DSP Blocks                            ; 0         ;
;                                             ;           ;
; Maximum fan-out node                        ; clk~input ;
; Maximum fan-out                             ; 256       ;
; Total fan-out                               ; 2477      ;
; Average fan-out                             ; 3.47      ;
+---------------------------------------------+-----------+


+--------------------------------------------------------------------------------------------------------------------------------------------------------------------------------------------------------------------------------+
; Analysis & Synthesis Resource Utilization by Entity                                                                                                                                                                            ;
+--------------------------------+-------------------+--------------+-------------------+------------+------+--------------+--------------------------------------------------------------------+-----------------+--------------+
; Compilation Hierarchy Node     ; LC Combinationals ; LC Registers ; Block Memory Bits ; DSP Blocks ; Pins ; Virtual Pins ; Full Hierarchy Name                                                ; Entity Name     ; Library Name ;
+--------------------------------+-------------------+--------------+-------------------+------------+------+--------------+--------------------------------------------------------------------+-----------------+--------------+
; |datapath                      ; 290 (0)           ; 256 (0)      ; 0                 ; 0          ; 84   ; 0            ; |datapath                                                          ; datapath        ; work         ;
;    |functional_unit:al_shift|  ; 41 (0)            ; 0 (0)        ; 0                 ; 0          ; 0    ; 0            ; |datapath|functional_unit:al_shift                                 ; functional_unit ; work         ;
;       |ALU:al|                 ; 37 (0)            ; 0 (0)        ; 0                 ; 0          ; 0    ; 0            ; |datapath|functional_unit:al_shift|ALU:al                          ; ALU             ; work         ;
;          |AU_16:au|            ; 35 (16)           ; 0 (0)        ; 0                 ; 0          ; 0    ; 0            ; |datapath|functional_unit:al_shift|ALU:al|AU_16:au                 ; AU_16           ; work         ;
;             |FA:f10|           ; 1 (1)             ; 0 (0)        ; 0                 ; 0          ; 0    ; 0            ; |datapath|functional_unit:al_shift|ALU:al|AU_16:au|FA:f10          ; FA              ; work         ;
;             |FA:f12|           ; 1 (1)             ; 0 (0)        ; 0                 ; 0          ; 0    ; 0            ; |datapath|functional_unit:al_shift|ALU:al|AU_16:au|FA:f12          ; FA              ; work         ;
;             |FA:f14|           ; 1 (1)             ; 0 (0)        ; 0                 ; 0          ; 0    ; 0            ; |datapath|functional_unit:al_shift|ALU:al|AU_16:au|FA:f14          ; FA              ; work         ;
;             |FA:f1|            ; 1 (1)             ; 0 (0)        ; 0                 ; 0          ; 0    ; 0            ; |datapath|functional_unit:al_shift|ALU:al|AU_16:au|FA:f1           ; FA              ; work         ;
;             |FA:f2|            ; 1 (1)             ; 0 (0)        ; 0                 ; 0          ; 0    ; 0            ; |datapath|functional_unit:al_shift|ALU:al|AU_16:au|FA:f2           ; FA              ; work         ;
;             |FA:f3|            ; 1 (1)             ; 0 (0)        ; 0                 ; 0          ; 0    ; 0            ; |datapath|functional_unit:al_shift|ALU:al|AU_16:au|FA:f3           ; FA              ; work         ;
;             |FA:f4|            ; 1 (1)             ; 0 (0)        ; 0                 ; 0          ; 0    ; 0            ; |datapath|functional_unit:al_shift|ALU:al|AU_16:au|FA:f4           ; FA              ; work         ;
;             |FA:f5|            ; 3 (3)             ; 0 (0)        ; 0                 ; 0          ; 0    ; 0            ; |datapath|functional_unit:al_shift|ALU:al|AU_16:au|FA:f5           ; FA              ; work         ;
;             |FA:f6|            ; 3 (3)             ; 0 (0)        ; 0                 ; 0          ; 0    ; 0            ; |datapath|functional_unit:al_shift|ALU:al|AU_16:au|FA:f6           ; FA              ; work         ;
;             |FA:f7|            ; 4 (4)             ; 0 (0)        ; 0                 ; 0          ; 0    ; 0            ; |datapath|functional_unit:al_shift|ALU:al|AU_16:au|FA:f7           ; FA              ; work         ;
;             |FA:f8|            ; 1 (1)             ; 0 (0)        ; 0                 ; 0          ; 0    ; 0            ; |datapath|functional_unit:al_shift|ALU:al|AU_16:au|FA:f8           ; FA              ; work         ;
;             |FA:f9|            ; 1 (1)             ; 0 (0)        ; 0                 ; 0          ; 0    ; 0            ; |datapath|functional_unit:al_shift|ALU:al|AU_16:au|FA:f9           ; FA              ; work         ;
;          |LU16:lu|             ; 2 (0)             ; 0 (0)        ; 0                 ; 0          ; 0    ; 0            ; |datapath|functional_unit:al_shift|ALU:al|LU16:lu                  ; LU16            ; work         ;
;             |multiplex4_16:m4| ; 2 (2)             ; 0 (0)        ; 0                 ; 0          ; 0    ; 0            ; |datapath|functional_unit:al_shift|ALU:al|LU16:lu|multiplex4_16:m4 ; multiplex4_16   ; work         ;
;       |multiplex2_16:m2|       ; 4 (4)             ; 0 (0)        ; 0                 ; 0          ; 0    ; 0            ; |datapath|functional_unit:al_shift|multiplex2_16:m2                ; multiplex2_16   ; work         ;
;    |multiplex2_16:m2|          ; 73 (73)           ; 0 (0)        ; 0                 ; 0          ; 0    ; 0            ; |datapath|multiplex2_16:m2                                         ; multiplex2_16   ; work         ;
;    |reg_file:rf|               ; 176 (0)           ; 256 (0)      ; 0                 ; 0          ; 0    ; 0            ; |datapath|reg_file:rf                                              ; reg_file        ; work         ;
;       |decoder_16:d1|          ; 16 (16)           ; 0 (0)        ; 0                 ; 0          ; 0    ; 0            ; |datapath|reg_file:rf|decoder_16:d1                                ; decoder_16      ; work         ;
;       |multiplex16_16:a1|      ; 80 (80)           ; 0 (0)        ; 0                 ; 0          ; 0    ; 0            ; |datapath|reg_file:rf|multiplex16_16:a1                            ; multiplex16_16  ; work         ;
;       |multiplex16_16:b1|      ; 80 (80)           ; 0 (0)        ; 0                 ; 0          ; 0    ; 0            ; |datapath|reg_file:rf|multiplex16_16:b1                            ; multiplex16_16  ; work         ;
;       |register16:reg0|        ; 0 (0)             ; 16 (16)      ; 0                 ; 0          ; 0    ; 0            ; |datapath|reg_file:rf|register16:reg0                              ; register16      ; work         ;
;       |register16:reg10|       ; 0 (0)             ; 16 (16)      ; 0                 ; 0          ; 0    ; 0            ; |datapath|reg_file:rf|register16:reg10                             ; register16      ; work         ;
;       |register16:reg11|       ; 0 (0)             ; 16 (16)      ; 0                 ; 0          ; 0    ; 0            ; |datapath|reg_file:rf|register16:reg11                             ; register16      ; work         ;
;       |register16:reg12|       ; 0 (0)             ; 16 (16)      ; 0                 ; 0          ; 0    ; 0            ; |datapath|reg_file:rf|register16:reg12                             ; register16      ; work         ;
;       |register16:reg13|       ; 0 (0)             ; 16 (16)      ; 0                 ; 0          ; 0    ; 0            ; |datapath|reg_file:rf|register16:reg13                             ; register16      ; work         ;
;       |register16:reg14|       ; 0 (0)             ; 16 (16)      ; 0                 ; 0          ; 0    ; 0            ; |datapath|reg_file:rf|register16:reg14                             ; register16      ; work         ;
;       |register16:reg15|       ; 0 (0)             ; 16 (16)      ; 0                 ; 0          ; 0    ; 0            ; |datapath|reg_file:rf|register16:reg15                             ; register16      ; work         ;
;       |register16:reg1|        ; 0 (0)             ; 16 (16)      ; 0                 ; 0          ; 0    ; 0            ; |datapath|reg_file:rf|register16:reg1                              ; register16      ; work         ;
;       |register16:reg2|        ; 0 (0)             ; 16 (16)      ; 0                 ; 0          ; 0    ; 0            ; |datapath|reg_file:rf|register16:reg2                              ; register16      ; work         ;
;       |register16:reg3|        ; 0 (0)             ; 16 (16)      ; 0                 ; 0          ; 0    ; 0            ; |datapath|reg_file:rf|register16:reg3                              ; register16      ; work         ;
;       |register16:reg4|        ; 0 (0)             ; 16 (16)      ; 0                 ; 0          ; 0    ; 0            ; |datapath|reg_file:rf|register16:reg4                              ; register16      ; work         ;
;       |register16:reg5|        ; 0 (0)             ; 16 (16)      ; 0                 ; 0          ; 0    ; 0            ; |datapath|reg_file:rf|register16:reg5                              ; register16      ; work         ;
;       |register16:reg6|        ; 0 (0)             ; 16 (16)      ; 0                 ; 0          ; 0    ; 0            ; |datapath|reg_file:rf|register16:reg6                              ; register16      ; work         ;
;       |register16:reg7|        ; 0 (0)             ; 16 (16)      ; 0                 ; 0          ; 0    ; 0            ; |datapath|reg_file:rf|register16:reg7                              ; register16      ; work         ;
;       |register16:reg8|        ; 0 (0)             ; 16 (16)      ; 0                 ; 0          ; 0    ; 0            ; |datapath|reg_file:rf|register16:reg8                              ; register16      ; work         ;
;       |register16:reg9|        ; 0 (0)             ; 16 (16)      ; 0                 ; 0          ; 0    ; 0            ; |datapath|reg_file:rf|register16:reg9                              ; register16      ; work         ;
+--------------------------------+-------------------+--------------+-------------------+------------+------+--------------+--------------------------------------------------------------------+-----------------+--------------+
Note: For table entries with two numbers listed, the numbers in parentheses indicate the number of resources of the given type used by the specific entity alone. The numbers listed outside of parentheses indicate the total resources of the given type used by the specific entity and all of its sub-entities in the hierarchy.


+------------------------------------------------------+
; General Register Statistics                          ;
+----------------------------------------------+-------+
; Statistic                                    ; Value ;
+----------------------------------------------+-------+
; Total registers                              ; 256   ;
; Number of registers using Synchronous Clear  ; 0     ;
; Number of registers using Synchronous Load   ; 0     ;
; Number of registers using Asynchronous Clear ; 0     ;
; Number of registers using Asynchronous Load  ; 0     ;
; Number of registers using Clock Enable       ; 256   ;
; Number of registers using Preset             ; 0     ;
+----------------------------------------------+-------+


+-------------------------------------------------------------------------------------------------------------------------------------------------------------+
; Multiplexer Restructuring Statistics (Restructuring Performed)                                                                                              ;
+--------------------+-----------+---------------+----------------------+------------------------+------------+-----------------------------------------------+
; Multiplexer Inputs ; Bus Width ; Baseline Area ; Area if Restructured ; Saving if Restructured ; Registered ; Example Multiplexer Output                    ;
+--------------------+-----------+---------------+----------------------+------------------------+------------+-----------------------------------------------+
; 16:1               ; 16 bits   ; 160 LEs       ; 160 LEs              ; 0 LEs                  ; No         ; |datapath|reg_file:rf|multiplex16_16:a1|Mux11 ;
; 16:1               ; 16 bits   ; 160 LEs       ; 160 LEs              ; 0 LEs                  ; No         ; |datapath|reg_file:rf|multiplex16_16:b1|Mux15 ;
; 8:1                ; 14 bits   ; 70 LEs        ; 70 LEs               ; 0 LEs                  ; No         ; |datapath|multiplex2_16:m2|res[1]             ;
+--------------------+-----------+---------------+----------------------+------------------------+------------+-----------------------------------------------+


+-----------------------------------------------------------------------+
; Port Connectivity Checks: "functional_unit:al_shift|RO_SH_GOOD:shift" ;
+------+-------+----------+---------------------------------------------+
; Port ; Type  ; Severity ; Details                                     ;
+------+-------+----------+---------------------------------------------+
; Ir   ; Input ; Info     ; Stuck at GND                                ;
; Il   ; Input ; Info     ; Stuck at GND                                ;
+------+-------+----------+---------------------------------------------+


+----------------------------------------------------------------------------------------------------------------+
; Port Connectivity Checks: "functional_unit:al_shift|ALU:al"                                                    ;
+------+--------+----------+-------------------------------------------------------------------------------------+
; Port ; Type   ; Severity ; Details                                                                             ;
+------+--------+----------+-------------------------------------------------------------------------------------+
; v    ; Output ; Info     ; Connected to dangling logic. Logic that only feeds a dangling port will be removed. ;
; c    ; Output ; Info     ; Connected to dangling logic. Logic that only feeds a dangling port will be removed. ;
; n    ; Output ; Info     ; Connected to dangling logic. Logic that only feeds a dangling port will be removed. ;
; z    ; Output ; Info     ; Connected to dangling logic. Logic that only feeds a dangling port will be removed. ;
+------+--------+----------+-------------------------------------------------------------------------------------+


+-----------------------------------------------------+
; Post-Synthesis Netlist Statistics for Top Partition ;
+-----------------------+-----------------------------+
; Type                  ; Count                       ;
+-----------------------+-----------------------------+
; arriav_ff             ; 256                         ;
;     ENA               ; 256                         ;
; arriav_lcell_comb     ; 290                         ;
;     arith             ; 16                          ;
;         4 data inputs ; 16                          ;
;     extend            ; 6                           ;
;         7 data inputs ; 6                           ;
;     normal            ; 268                         ;
;         2 data inputs ; 8                           ;
;         3 data inputs ; 13                          ;
;         4 data inputs ; 16                          ;
;         5 data inputs ; 33                          ;
;         6 data inputs ; 198                         ;
; boundary_port         ; 84                          ;
;                       ;                             ;
; Max LUT depth         ; 11.10                       ;
; Average LUT depth     ; 7.40                        ;
+-----------------------+-----------------------------+


+-------------------------------+
; Elapsed Time Per Partition    ;
+----------------+--------------+
; Partition Name ; Elapsed Time ;
+----------------+--------------+
; Top            ; 00:00:02     ;
+----------------+--------------+


+-------------------------------+
; Analysis & Synthesis Messages ;
+-------------------------------+
Info: *******************************************************************
Info: Running Quartus Prime Analysis & Synthesis
    Info: Version 16.0.0 Build 211 04/27/2016 SJ Lite Edition
    Info: Processing started: Fri Jul 22 06:21:28 2016
Info: Command: quartus_map --read_settings_files=on --write_settings_files=off TENGEN_TOPPA_LU_AU -c TENGEN_TOPPA_LU_AU
Warning (20028): Parallel compilation is not licensed and has been disabled
Info (12021): Found 1 design units, including 1 entities, in source file de0_nano_soc_baseline.v
    Info (12023): Found entity 1: de0_nano_soc_baseline File: C:/quartus_project/21.07.16/de0_nano_soc_baseline.v Line: 40
Info (12021): Found 1 design units, including 1 entities, in source file register4.v
    Info (12023): Found entity 1: register4 File: C:/quartus_project/21.07.16/register4.v Line: 1
Info (12021): Found 0 design units, including 0 entities, in source file lu.v
Info (12021): Found 1 design units, including 1 entities, in source file multiplex2.v
    Info (12023): Found entity 1: multiplex2 File: C:/quartus_project/21.07.16/multiplex2.v Line: 1
Info (12021): Found 1 design units, including 1 entities, in source file lu4.v
    Info (12023): Found entity 1: LU4 File: C:/quartus_project/21.07.16/LU4.v Line: 1
Info (12021): Found 1 design units, including 1 entities, in source file au4.v
    Info (12023): Found entity 1: AU16 File: C:/quartus_project/21.07.16/AU4.v Line: 1
Info (12021): Found 1 design units, including 1 entities, in source file multiplex4.v
    Info (12023): Found entity 1: multiplex4 File: C:/quartus_project/21.07.16/multiplex4.v Line: 1
Info (12021): Found 1 design units, including 1 entities, in source file na.v
    Info (12023): Found entity 1: NA File: C:/quartus_project/21.07.16/NA.v Line: 1
Info (12021): Found 1 design units, including 1 entities, in source file fa.v
    Info (12023): Found entity 1: FA File: C:/quartus_project/21.07.16/FA.v Line: 1
Info (12021): Found 1 design units, including 1 entities, in source file ro_sh.v
    Info (12023): Found entity 1: RO_SH File: C:/quartus_project/21.07.16/RO_SH.v Line: 1
Info (12021): Found 1 design units, including 1 entities, in source file ro_sh_good.v
    Info (12023): Found entity 1: RO_SH_GOOD File: C:/quartus_project/21.07.16/RO_SH_GOOD.v Line: 1
Info (12021): Found 1 design units, including 1 entities, in source file multiplex_2_2.v
    Info (12023): Found entity 1: multiplex_2_2 File: C:/quartus_project/21.07.16/multiplex_2_2.v Line: 1
Info (12021): Found 1 design units, including 1 entities, in source file /quartus_project/multiplex_1_4.v
    Info (12023): Found entity 1: multiplex_1_4 File: C:/quartus_project/multiplex_1_4.v Line: 1
Info (12021): Found 1 design units, including 1 entities, in source file alu.v
    Info (12023): Found entity 1: ALU File: C:/quartus_project/21.07.16/ALU.v Line: 1
Info (12021): Found 1 design units, including 1 entities, in source file datapath.v
    Info (12023): Found entity 1: datapath File: C:/quartus_project/21.07.16/datapath.v Line: 1
Info (12021): Found 1 design units, including 1 entities, in source file decoder.v
    Info (12023): Found entity 1: decoder16 File: C:/quartus_project/21.07.16/decoder.v Line: 1
Info (12021): Found 1 design units, including 1 entities, in source file multyplex.v
    Info (12023): Found entity 1: multyplex File: C:/quartus_project/21.07.16/multyplex.v Line: 1
Info (12021): Found 1 design units, including 1 entities, in source file control_unit.v
    Info (12023): Found entity 1: control_unit File: C:/quartus_project/21.07.16/control_unit.v Line: 1
Info (12021): Found 1 design units, including 1 entities, in source file memory.v
    Info (12023): Found entity 1: memory File: C:/quartus_project/21.07.16/memory.v Line: 1
Info (12021): Found 1 design units, including 1 entities, in source file bc.v
    Info (12023): Found entity 1: BC File: C:/quartus_project/21.07.16/BC.v Line: 1
Info (12021): Found 1 design units, including 1 entities, in source file pc.v
    Info (12023): Found entity 1: PC File: C:/quartus_project/21.07.16/PC.v Line: 1
Info (12021): Found 1 design units, including 1 entities, in source file functional_unit.v
    Info (12023): Found entity 1: functional_unit File: C:/quartus_project/21.07.16/functional_unit.v Line: 1
Info (12021): Found 1 design units, including 1 entities, in source file reg_file.v
    Info (12023): Found entity 1: reg_file File: C:/quartus_project/21.07.16/reg_file.v Line: 1
Info (12021): Found 1 design units, including 1 entities, in source file multiplex4_16.v
    Info (12023): Found entity 1: multiplex4_16 File: C:/quartus_project/21.07.16/multiplex4_16.v Line: 1
Info (12021): Found 1 design units, including 1 entities, in source file register16.v
    Info (12023): Found entity 1: register16 File: C:/quartus_project/21.07.16/register16.v Line: 1
Info (12021): Found 1 design units, including 1 entities, in source file multiplex16_16.v
    Info (12023): Found entity 1: multiplex16_16 File: C:/quartus_project/21.07.16/multiplex16_16.v Line: 1
Info (12021): Found 1 design units, including 1 entities, in source file multiplex2_16.v
    Info (12023): Found entity 1: multiplex2_16 File: C:/quartus_project/21.07.16/multiplex2_16.v Line: 1
Info (12021): Found 1 design units, including 1 entities, in source file lu16.v
    Info (12023): Found entity 1: LU16 File: C:/quartus_project/21.07.16/LU16.v Line: 1
Info (12021): Found 1 design units, including 1 entities, in source file decoder_16.v
    Info (12023): Found entity 1: decoder_16 File: C:/quartus_project/21.07.16/decoder_16.v Line: 1
Info (12021): Found 1 design units, including 1 entities, in source file au_16.v
    Info (12023): Found entity 1: AU_16 File: C:/quartus_project/21.07.16/AU_16.v Line: 1
Info (12021): Found 1 design units, including 1 entities, in source file multiplex2_14.v
    Info (12023): Found entity 1: multiplex2_14 File: C:/quartus_project/21.07.16/multiplex2_14.v Line: 1
Info (12127): Elaborating entity "datapath" for the top level hierarchy
Info (12128): Elaborating entity "reg_file" for hierarchy "reg_file:rf" File: C:/quartus_project/21.07.16/datapath.v Line: 17
Info (12128): Elaborating entity "decoder_16" for hierarchy "reg_file:rf|decoder_16:d1" File: C:/quartus_project/21.07.16/reg_file.v Line: 20
Info (12128): Elaborating entity "register16" for hierarchy "reg_file:rf|register16:reg0" File: C:/quartus_project/21.07.16/reg_file.v Line: 41
Info (12128): Elaborating entity "multiplex16_16" for hierarchy "reg_file:rf|multiplex16_16:a1" File: C:/quartus_project/21.07.16/reg_file.v Line: 58
Info (12128): Elaborating entity "multiplex2_16" for hierarchy "multiplex2_16:m1" File: C:/quartus_project/21.07.16/datapath.v Line: 19
Info (12128): Elaborating entity "functional_unit" for hierarchy "functional_unit:al_shift" File: C:/quartus_project/21.07.16/datapath.v Line: 21
Info (12128): Elaborating entity "ALU" for hierarchy "functional_unit:al_shift|ALU:al" File: C:/quartus_project/21.07.16/functional_unit.v Line: 5
Info (12128): Elaborating entity "AU_16" for hierarchy "functional_unit:al_shift|ALU:al|AU_16:au" File: C:/quartus_project/21.07.16/ALU.v Line: 5
Warning (10230): Verilog HDL assignment warning at AU_16.v(7): truncated value with size 32 to match size of target (16) File: C:/quartus_project/21.07.16/AU_16.v Line: 7
Info (12128): Elaborating entity "NA" for hierarchy "functional_unit:al_shift|ALU:al|AU_16:au|NA:n1" File: C:/quartus_project/21.07.16/AU_16.v Line: 10
Info (12128): Elaborating entity "FA" for hierarchy "functional_unit:al_shift|ALU:al|AU_16:au|FA:f1" File: C:/quartus_project/21.07.16/AU_16.v Line: 11
Info (12128): Elaborating entity "LU16" for hierarchy "functional_unit:al_shift|ALU:al|LU16:lu" File: C:/quartus_project/21.07.16/ALU.v Line: 6
Info (12128): Elaborating entity "multiplex4_16" for hierarchy "functional_unit:al_shift|ALU:al|LU16:lu|multiplex4_16:m4" File: C:/quartus_project/21.07.16/LU16.v Line: 14
Info (12128): Elaborating entity "RO_SH_GOOD" for hierarchy "functional_unit:al_shift|RO_SH_GOOD:shift" File: C:/quartus_project/21.07.16/functional_unit.v Line: 7
Info (12128): Elaborating entity "multiplex2_14" for hierarchy "functional_unit:al_shift|RO_SH_GOOD:shift|multiplex2_14:m22" File: C:/quartus_project/21.07.16/RO_SH_GOOD.v Line: 6
Info (12128): Elaborating entity "multiplex_1_4" for hierarchy "functional_unit:al_shift|RO_SH_GOOD:shift|multiplex_1_4:m141" File: C:/quartus_project/21.07.16/RO_SH_GOOD.v Line: 7
Info (286030): Timing-Driven Synthesis is running
Info (16010): Generating hard_block partition "hard_block:auto_generated_inst"
    Info (16011): Adding 0 node(s), including 0 DDIO, 0 PLL, 0 transceiver and 0 LCELL
Info (21057): Implemented 630 device resources after synthesis - the final resource count might be different
    Info (21058): Implemented 52 input pins
    Info (21059): Implemented 32 output pins
    Info (21061): Implemented 546 logic cells
Info: Quartus Prime Analysis & Synthesis was successful. 0 errors, 2 warnings
    Info: Peak virtual memory: 898 megabytes
    Info: Processing ended: Fri Jul 22 06:21:55 2016
    Info: Elapsed time: 00:00:27
    Info: Total CPU time (on all processors): 00:01:01


