Flow report for TENGEN_TOPPA_LU_AU
Fri Jul 22 06:24:08 2016
Quartus Prime Version 16.0.0 Build 211 04/27/2016 SJ Lite Edition


---------------------
; Table of Contents ;
---------------------
  1. Legal Notice
  2. Flow Summary
  3. Flow Settings
  4. Flow Non-Default Global Settings
  5. Flow Elapsed Time
  6. Flow OS Summary
  7. Flow Log
  8. Flow Messages
  9. Flow Suppressed Messages



----------------
; Legal Notice ;
----------------
Copyright (C) 1991-2016 Altera Corporation. All rights reserved.
Your use of Altera Corporation's design tools, logic functions 
and other software and tools, and its AMPP partner logic 
functions, and any output files from any of the foregoing 
(including device programming or simulation files), and any 
associated documentation or information are expressly subject 
to the terms and conditions of the Altera Program License 
Subscription Agreement, the Altera Quartus Prime License Agreement,
the Altera MegaCore Function License Agreement, or other 
applicable license agreement, including, without limitation, 
that your use is for the sole purpose of programming logic 
devices manufactured by Altera and sold by Altera or its 
authorized distributors.  Please refer to the applicable 
agreement for further details.



+-------------------------------------------------------------------------------+
; Flow Summary                                                                  ;
+---------------------------------+---------------------------------------------+
; Flow Status                     ; Successful - Fri Jul 22 06:24:08 2016       ;
; Quartus Prime Version           ; 16.0.0 Build 211 04/27/2016 SJ Lite Edition ;
; Revision Name                   ; TENGEN_TOPPA_LU_AU                          ;
; Top-level Entity Name           ; datapath                                    ;
; Family                          ; Cyclone V                                   ;
; Device                          ; 5CSEMA4U23C6                                ;
; Timing Models                   ; Final                                       ;
; Logic utilization (in ALMs)     ; 255 / 15,880 ( 2 % )                        ;
; Total registers                 ; 256                                         ;
; Total pins                      ; 84 / 314 ( 27 % )                           ;
; Total virtual pins              ; 0                                           ;
; Total block memory bits         ; 0 / 2,764,800 ( 0 % )                       ;
; Total DSP Blocks                ; 0 / 84 ( 0 % )                              ;
; Total HSSI RX PCSs              ; 0                                           ;
; Total HSSI PMA RX Deserializers ; 0                                           ;
; Total HSSI TX PCSs              ; 0                                           ;
; Total HSSI PMA TX Serializers   ; 0                                           ;
; Total PLLs                      ; 0 / 5 ( 0 % )                               ;
; Total DLLs                      ; 0 / 4 ( 0 % )                               ;
+---------------------------------+---------------------------------------------+


+-----------------------------------------+
; Flow Settings                           ;
+-------------------+---------------------+
; Option            ; Setting             ;
+-------------------+---------------------+
; Start date & time ; 07/22/2016 06:21:29 ;
; Main task         ; Compilation         ;
; Revision Name     ; TENGEN_TOPPA_LU_AU  ;
+-------------------+---------------------+


+--------------------------------------------------------------------------------------------------------------------------+
; Flow Non-Default Global Settings                                                                                         ;
+-------------------------------------+--------------------------------+--------------------+-------------+----------------+
; Assignment Name                     ; Value                          ; Default Value      ; Entity Name ; Section Id     ;
+-------------------------------------+--------------------------------+--------------------+-------------+----------------+
; COMPILER_SIGNATURE_ID               ; 20853985943961.146919368906192 ; --                 ; --          ; --             ;
; EDA_OUTPUT_DATA_FORMAT              ; Vhdl                           ; --                 ; --          ; eda_simulation ;
; EDA_SIMULATION_TOOL                 ; ModelSim-Altera (VHDL)         ; <None>             ; --          ; --             ;
; MAX_CORE_JUNCTION_TEMP              ; 85                             ; --                 ; --          ; --             ;
; MIN_CORE_JUNCTION_TEMP              ; 0                              ; --                 ; --          ; --             ;
; PARTITION_COLOR                     ; 16764057                       ; --                 ; datapath    ; Top            ;
; PARTITION_FITTER_PRESERVATION_LEVEL ; PLACEMENT_AND_ROUTING          ; --                 ; datapath    ; Top            ;
; PARTITION_NETLIST_TYPE              ; SOURCE                         ; --                 ; datapath    ; Top            ;
; PROJECT_OUTPUT_DIRECTORY            ; output_files                   ; --                 ; --          ; --             ;
; TOP_LEVEL_ENTITY                    ; datapath                       ; TENGEN_TOPPA_LU_AU ; --          ; --             ;
+-------------------------------------+--------------------------------+--------------------+-------------+----------------+


+-------------------------------------------------------------------------------------------------------------------------------+
; Flow Elapsed Time                                                                                                             ;
+---------------------------+--------------+-------------------------+---------------------+------------------------------------+
; Module Name               ; Elapsed Time ; Average Processors Used ; Peak Virtual Memory ; Total CPU Time (on all processors) ;
+---------------------------+--------------+-------------------------+---------------------+------------------------------------+
; Analysis & Synthesis      ; 00:00:26     ; 1.0                     ; 883 MB              ; 00:01:01                           ;
; Fitter                    ; 00:01:39     ; 1.0                     ; 1975 MB             ; 00:02:19                           ;
; Assembler                 ; 00:00:09     ; 1.0                     ; 911 MB              ; 00:00:09                           ;
; TimeQuest Timing Analyzer ; 00:00:16     ; 1.0                     ; 1134 MB             ; 00:00:16                           ;
; EDA Netlist Writer        ; 00:00:02     ; 1.0                     ; 824 MB              ; 00:00:03                           ;
; Total                     ; 00:02:32     ; --                      ; --                  ; 00:03:48                           ;
+---------------------------+--------------+-------------------------+---------------------+------------------------------------+


+----------------------------------------------------------------------------------------+
; Flow OS Summary                                                                        ;
+---------------------------+------------------+-----------+------------+----------------+
; Module Name               ; Machine Hostname ; OS Name   ; OS Version ; Processor type ;
+---------------------------+------------------+-----------+------------+----------------+
; Analysis & Synthesis      ; AP49             ; Windows 8 ; 6.2        ; x86_64         ;
; Fitter                    ; AP49             ; Windows 8 ; 6.2        ; x86_64         ;
; Assembler                 ; AP49             ; Windows 8 ; 6.2        ; x86_64         ;
; TimeQuest Timing Analyzer ; AP49             ; Windows 8 ; 6.2        ; x86_64         ;
; EDA Netlist Writer        ; AP49             ; Windows 8 ; 6.2        ; x86_64         ;
+---------------------------+------------------+-----------+------------+----------------+


------------
; Flow Log ;
------------
quartus_map --read_settings_files=on --write_settings_files=off TENGEN_TOPPA_LU_AU -c TENGEN_TOPPA_LU_AU
quartus_fit --read_settings_files=off --write_settings_files=off TENGEN_TOPPA_LU_AU -c TENGEN_TOPPA_LU_AU
quartus_asm --read_settings_files=off --write_settings_files=off TENGEN_TOPPA_LU_AU -c TENGEN_TOPPA_LU_AU
quartus_sta TENGEN_TOPPA_LU_AU -c TENGEN_TOPPA_LU_AU
quartus_eda --read_settings_files=off --write_settings_files=off TENGEN_TOPPA_LU_AU -c TENGEN_TOPPA_LU_AU



