Analysis & Synthesis report for memory
Fri Jul 22 21:14:10 2016
Quartus Prime Version 16.0.0 Build 211 04/27/2016 SJ Lite Edition


---------------------
; Table of Contents ;
---------------------
  1. Legal Notice
  2. Analysis & Synthesis Summary
  3. Analysis & Synthesis Settings
  4. Parallel Compilation
  5. Analysis & Synthesis Source Files Read
  6. Analysis & Synthesis Resource Usage Summary
  7. Analysis & Synthesis Resource Utilization by Entity
  8. Logic Cells Representing Combinational Loops
  9. General Register Statistics
 10. Port Connectivity Checks: "bitslise:sl1|onebitmemory:m2"
 11. Post-Synthesis Netlist Statistics for Top Partition
 12. Elapsed Time Per Partition
 13. Analysis & Synthesis Messages



----------------
; Legal Notice ;
----------------
Copyright (C) 1991-2016 Altera Corporation. All rights reserved.
Your use of Altera Corporation's design tools, logic functions 
and other software and tools, and its AMPP partner logic 
functions, and any output files from any of the foregoing 
(including device programming or simulation files), and any 
associated documentation or information are expressly subject 
to the terms and conditions of the Altera Program License 
Subscription Agreement, the Altera Quartus Prime License Agreement,
the Altera MegaCore Function License Agreement, or other 
applicable license agreement, including, without limitation, 
that your use is for the sole purpose of programming logic 
devices manufactured by Altera and sold by Altera or its 
authorized distributors.  Please refer to the applicable 
agreement for further details.



+-------------------------------------------------------------------------------+
; Analysis & Synthesis Summary                                                  ;
+---------------------------------+---------------------------------------------+
; Analysis & Synthesis Status     ; Successful - Fri Jul 22 21:14:10 2016       ;
; Quartus Prime Version           ; 16.0.0 Build 211 04/27/2016 SJ Lite Edition ;
; Revision Name                   ; memory                                      ;
; Top-level Entity Name           ; fullram                                     ;
; Family                          ; Cyclone V                                   ;
; Logic utilization (in ALMs)     ; N/A                                         ;
; Total registers                 ; 0                                           ;
; Total pins                      ; 13                                          ;
; Total virtual pins              ; 0                                           ;
; Total block memory bits         ; 0                                           ;
; Total DSP Blocks                ; 0                                           ;
; Total HSSI RX PCSs              ; 0                                           ;
; Total HSSI PMA RX Deserializers ; 0                                           ;
; Total HSSI TX PCSs              ; 0                                           ;
; Total HSSI PMA TX Serializers   ; 0                                           ;
; Total PLLs                      ; 0                                           ;
; Total DLLs                      ; 0                                           ;
+---------------------------------+---------------------------------------------+


+---------------------------------------------------------------------------------------------------------------------------+
; Analysis & Synthesis Settings                                                                                             ;
+---------------------------------------------------------------------------------+--------------------+--------------------+
; Option                                                                          ; Setting            ; Default Value      ;
+---------------------------------------------------------------------------------+--------------------+--------------------+
; Device                                                                          ; 5CSEMA4U23C6       ;                    ;
; Top-level entity name                                                           ; fullram            ; memory             ;
; Family name                                                                     ; Cyclone V          ; Cyclone V          ;
; Use smart compilation                                                           ; Off                ; Off                ;
; Enable parallel Assembler and TimeQuest Timing Analyzer during compilation      ; On                 ; On                 ;
; Enable compact report table                                                     ; Off                ; Off                ;
; Restructure Multiplexers                                                        ; Auto               ; Auto               ;
; MLAB Add Timing Constraints For Mixed-Port Feed-Through Mode Setting Don't Care ; Off                ; Off                ;
; Create Debugging Nodes for IP Cores                                             ; Off                ; Off                ;
; Preserve fewer node names                                                       ; On                 ; On                 ;
; Disable OpenCore Plus hardware evaluation                                       ; Off                ; Off                ;
; Verilog Version                                                                 ; Verilog_2001       ; Verilog_2001       ;
; VHDL Version                                                                    ; VHDL_1993          ; VHDL_1993          ;
; State Machine Processing                                                        ; Auto               ; Auto               ;
; Safe State Machine                                                              ; Off                ; Off                ;
; Extract Verilog State Machines                                                  ; On                 ; On                 ;
; Extract VHDL State Machines                                                     ; On                 ; On                 ;
; Ignore Verilog initial constructs                                               ; Off                ; Off                ;
; Iteration limit for constant Verilog loops                                      ; 5000               ; 5000               ;
; Iteration limit for non-constant Verilog loops                                  ; 250                ; 250                ;
; Add Pass-Through Logic to Inferred RAMs                                         ; On                 ; On                 ;
; Infer RAMs from Raw Logic                                                       ; On                 ; On                 ;
; Parallel Synthesis                                                              ; On                 ; On                 ;
; DSP Block Balancing                                                             ; Auto               ; Auto               ;
; NOT Gate Push-Back                                                              ; On                 ; On                 ;
; Power-Up Don't Care                                                             ; On                 ; On                 ;
; Remove Redundant Logic Cells                                                    ; Off                ; Off                ;
; Remove Duplicate Registers                                                      ; On                 ; On                 ;
; Ignore CARRY Buffers                                                            ; Off                ; Off                ;
; Ignore CASCADE Buffers                                                          ; Off                ; Off                ;
; Ignore GLOBAL Buffers                                                           ; Off                ; Off                ;
; Ignore ROW GLOBAL Buffers                                                       ; Off                ; Off                ;
; Ignore LCELL Buffers                                                            ; Off                ; Off                ;
; Ignore SOFT Buffers                                                             ; On                 ; On                 ;
; Limit AHDL Integers to 32 Bits                                                  ; Off                ; Off                ;
; Optimization Technique                                                          ; Balanced           ; Balanced           ;
; Carry Chain Length                                                              ; 70                 ; 70                 ;
; Auto Carry Chains                                                               ; On                 ; On                 ;
; Auto Open-Drain Pins                                                            ; On                 ; On                 ;
; Perform WYSIWYG Primitive Resynthesis                                           ; Off                ; Off                ;
; Auto ROM Replacement                                                            ; On                 ; On                 ;
; Auto RAM Replacement                                                            ; On                 ; On                 ;
; Auto DSP Block Replacement                                                      ; On                 ; On                 ;
; Auto Shift Register Replacement                                                 ; Auto               ; Auto               ;
; Allow Shift Register Merging across Hierarchies                                 ; Auto               ; Auto               ;
; Auto Clock Enable Replacement                                                   ; On                 ; On                 ;
; Strict RAM Replacement                                                          ; Off                ; Off                ;
; Allow Synchronous Control Signals                                               ; On                 ; On                 ;
; Force Use of Synchronous Clear Signals                                          ; Off                ; Off                ;
; Auto Resource Sharing                                                           ; Off                ; Off                ;
; Allow Any RAM Size For Recognition                                              ; Off                ; Off                ;
; Allow Any ROM Size For Recognition                                              ; Off                ; Off                ;
; Allow Any Shift Register Size For Recognition                                   ; Off                ; Off                ;
; Use LogicLock Constraints during Resource Balancing                             ; On                 ; On                 ;
; Ignore translate_off and synthesis_off directives                               ; Off                ; Off                ;
; Timing-Driven Synthesis                                                         ; On                 ; On                 ;
; Report Parameter Settings                                                       ; On                 ; On                 ;
; Report Source Assignments                                                       ; On                 ; On                 ;
; Report Connectivity Checks                                                      ; On                 ; On                 ;
; Ignore Maximum Fan-Out Assignments                                              ; Off                ; Off                ;
; Synchronization Register Chain Length                                           ; 3                  ; 3                  ;
; PowerPlay Power Optimization During Synthesis                                   ; Normal compilation ; Normal compilation ;
; HDL message level                                                               ; Level2             ; Level2             ;
; Suppress Register Optimization Related Messages                                 ; Off                ; Off                ;
; Number of Removed Registers Reported in Synthesis Report                        ; 5000               ; 5000               ;
; Number of Swept Nodes Reported in Synthesis Report                              ; 5000               ; 5000               ;
; Number of Inverted Registers Reported in Synthesis Report                       ; 100                ; 100                ;
; Clock MUX Protection                                                            ; On                 ; On                 ;
; Auto Gated Clock Conversion                                                     ; Off                ; Off                ;
; Block Design Naming                                                             ; Auto               ; Auto               ;
; SDC constraint protection                                                       ; Off                ; Off                ;
; Synthesis Effort                                                                ; Auto               ; Auto               ;
; Shift Register Replacement - Allow Asynchronous Clear Signal                    ; On                 ; On                 ;
; Pre-Mapping Resynthesis Optimization                                            ; Off                ; Off                ;
; Analysis & Synthesis Message Level                                              ; Medium             ; Medium             ;
; Disable Register Merging Across Hierarchies                                     ; Auto               ; Auto               ;
; Resource Aware Inference For Block RAM                                          ; On                 ; On                 ;
; Synthesis Seed                                                                  ; 1                  ; 1                  ;
; Automatic Parallel Synthesis                                                    ; On                 ; On                 ;
; Partial Reconfiguration Bitstream ID                                            ; Off                ; Off                ;
+---------------------------------------------------------------------------------+--------------------+--------------------+


Parallel compilation was disabled, but you have multiple processors available. Enable parallel compilation to reduce compilation time.
+-------------------------------------+
; Parallel Compilation                ;
+----------------------------+--------+
; Processors                 ; Number ;
+----------------------------+--------+
; Number detected on machine ; 4      ;
; Maximum allowed            ; 1      ;
+----------------------------+--------+


+-----------------------------------------------------------------------------------------------------------------------------------+
; Analysis & Synthesis Source Files Read                                                                                            ;
+----------------------------------+-----------------+------------------------+-------------------------------------------+---------+
; File Name with User-Entered Path ; Used in Netlist ; File Type              ; File Name with Absolute Path              ; Library ;
+----------------------------------+-----------------+------------------------+-------------------------------------------+---------+
; ram.v                            ; yes             ; User Verilog HDL File  ; C:/quartus_projects/memory/ram.v          ;         ;
; onebitmemory.v                   ; yes             ; User Verilog HDL File  ; C:/quartus_projects/memory/onebitmemory.v ;         ;
; bitslise.v                       ; yes             ; User Verilog HDL File  ; C:/quartus_projects/memory/bitslise.v     ;         ;
; fullram.v                        ; yes             ; User Verilog HDL File  ; C:/quartus_projects/memory/fullram.v      ;         ;
+----------------------------------+-----------------+------------------------+-------------------------------------------+---------+


+--------------------------------------------------------+
; Analysis & Synthesis Resource Usage Summary            ;
+---------------------------------------------+----------+
; Resource                                    ; Usage    ;
+---------------------------------------------+----------+
; Estimate of Logic utilization (ALMs needed) ; 22       ;
;                                             ;          ;
; Combinational ALUT usage for logic          ; 36       ;
;     -- 7 input functions                    ; 0        ;
;     -- 6 input functions                    ; 8        ;
;     -- 5 input functions                    ; 4        ;
;     -- 4 input functions                    ; 20       ;
;     -- <=3 input functions                  ; 4        ;
;                                             ;          ;
; Dedicated logic registers                   ; 0        ;
;                                             ;          ;
; I/O pins                                    ; 13       ;
;                                             ;          ;
; Total DSP Blocks                            ; 0        ;
;                                             ;          ;
; Maximum fan-out node                        ; rw~input ;
; Maximum fan-out                             ; 20       ;
; Total fan-out                               ; 173      ;
; Average fan-out                             ; 2.79     ;
+---------------------------------------------+----------+


+---------------------------------------------------------------------------------------------------------------------------------------------------------------------------------------------------+
; Analysis & Synthesis Resource Utilization by Entity                                                                                                                                               ;
+----------------------------+-------------------+--------------+-------------------+------------+------+--------------+----------------------------------------------+--------------+--------------+
; Compilation Hierarchy Node ; LC Combinationals ; LC Registers ; Block Memory Bits ; DSP Blocks ; Pins ; Virtual Pins ; Full Hierarchy Name                          ; Entity Name  ; Library Name ;
+----------------------------+-------------------+--------------+-------------------+------------+------+--------------+----------------------------------------------+--------------+--------------+
; |fullram                   ; 36 (0)            ; 0 (0)        ; 0                 ; 0          ; 13   ; 0            ; |fullram                                     ; fullram      ; work         ;
;    |bitslise:sl1|          ; 9 (1)             ; 0 (0)        ; 0                 ; 0          ; 0    ; 0            ; |fullram|bitslise:sl1                        ; bitslise     ; work         ;
;       |onebitmemory:m2|    ; 4 (4)             ; 0 (0)        ; 0                 ; 0          ; 0    ; 0            ; |fullram|bitslise:sl1|onebitmemory:m2        ; onebitmemory ; work         ;
;       |ram:r1|             ; 1 (0)             ; 0 (0)        ; 0                 ; 0          ; 0    ; 0            ; |fullram|bitslise:sl1|ram:r1                 ; ram          ; work         ;
;          |onebitmemory:m1| ; 1 (1)             ; 0 (0)        ; 0                 ; 0          ; 0    ; 0            ; |fullram|bitslise:sl1|ram:r1|onebitmemory:m1 ; onebitmemory ; work         ;
;       |ram:r2|             ; 1 (0)             ; 0 (0)        ; 0                 ; 0          ; 0    ; 0            ; |fullram|bitslise:sl1|ram:r2                 ; ram          ; work         ;
;          |onebitmemory:m1| ; 1 (1)             ; 0 (0)        ; 0                 ; 0          ; 0    ; 0            ; |fullram|bitslise:sl1|ram:r2|onebitmemory:m1 ; onebitmemory ; work         ;
;       |ram:r3|             ; 1 (0)             ; 0 (0)        ; 0                 ; 0          ; 0    ; 0            ; |fullram|bitslise:sl1|ram:r3                 ; ram          ; work         ;
;          |onebitmemory:m1| ; 1 (1)             ; 0 (0)        ; 0                 ; 0          ; 0    ; 0            ; |fullram|bitslise:sl1|ram:r3|onebitmemory:m1 ; onebitmemory ; work         ;
;       |ram:r4|             ; 1 (0)             ; 0 (0)        ; 0                 ; 0          ; 0    ; 0            ; |fullram|bitslise:sl1|ram:r4                 ; ram          ; work         ;
;          |onebitmemory:m1| ; 1 (1)             ; 0 (0)        ; 0                 ; 0          ; 0    ; 0            ; |fullram|bitslise:sl1|ram:r4|onebitmemory:m1 ; onebitmemory ; work         ;
;    |bitslise:sl2|          ; 9 (1)             ; 0 (0)        ; 0                 ; 0          ; 0    ; 0            ; |fullram|bitslise:sl2                        ; bitslise     ; work         ;
;       |onebitmemory:m2|    ; 4 (4)             ; 0 (0)        ; 0                 ; 0          ; 0    ; 0            ; |fullram|bitslise:sl2|onebitmemory:m2        ; onebitmemory ; work         ;
;       |ram:r1|             ; 1 (0)             ; 0 (0)        ; 0                 ; 0          ; 0    ; 0            ; |fullram|bitslise:sl2|ram:r1                 ; ram          ; work         ;
;          |onebitmemory:m1| ; 1 (1)             ; 0 (0)        ; 0                 ; 0          ; 0    ; 0            ; |fullram|bitslise:sl2|ram:r1|onebitmemory:m1 ; onebitmemory ; work         ;
;       |ram:r2|             ; 1 (0)             ; 0 (0)        ; 0                 ; 0          ; 0    ; 0            ; |fullram|bitslise:sl2|ram:r2                 ; ram          ; work         ;
;          |onebitmemory:m1| ; 1 (1)             ; 0 (0)        ; 0                 ; 0          ; 0    ; 0            ; |fullram|bitslise:sl2|ram:r2|onebitmemory:m1 ; onebitmemory ; work         ;
;       |ram:r3|             ; 1 (0)             ; 0 (0)        ; 0                 ; 0          ; 0    ; 0            ; |fullram|bitslise:sl2|ram:r3                 ; ram          ; work         ;
;          |onebitmemory:m1| ; 1 (1)             ; 0 (0)        ; 0                 ; 0          ; 0    ; 0            ; |fullram|bitslise:sl2|ram:r3|onebitmemory:m1 ; onebitmemory ; work         ;
;       |ram:r4|             ; 1 (0)             ; 0 (0)        ; 0                 ; 0          ; 0    ; 0            ; |fullram|bitslise:sl2|ram:r4                 ; ram          ; work         ;
;          |onebitmemory:m1| ; 1 (1)             ; 0 (0)        ; 0                 ; 0          ; 0    ; 0            ; |fullram|bitslise:sl2|ram:r4|onebitmemory:m1 ; onebitmemory ; work         ;
;    |bitslise:sl3|          ; 9 (1)             ; 0 (0)        ; 0                 ; 0          ; 0    ; 0            ; |fullram|bitslise:sl3                        ; bitslise     ; work         ;
;       |onebitmemory:m2|    ; 4 (4)             ; 0 (0)        ; 0                 ; 0          ; 0    ; 0            ; |fullram|bitslise:sl3|onebitmemory:m2        ; onebitmemory ; work         ;
;       |ram:r1|             ; 1 (0)             ; 0 (0)        ; 0                 ; 0          ; 0    ; 0            ; |fullram|bitslise:sl3|ram:r1                 ; ram          ; work         ;
;          |onebitmemory:m1| ; 1 (1)             ; 0 (0)        ; 0                 ; 0          ; 0    ; 0            ; |fullram|bitslise:sl3|ram:r1|onebitmemory:m1 ; onebitmemory ; work         ;
;       |ram:r2|             ; 1 (0)             ; 0 (0)        ; 0                 ; 0          ; 0    ; 0            ; |fullram|bitslise:sl3|ram:r2                 ; ram          ; work         ;
;          |onebitmemory:m1| ; 1 (1)             ; 0 (0)        ; 0                 ; 0          ; 0    ; 0            ; |fullram|bitslise:sl3|ram:r2|onebitmemory:m1 ; onebitmemory ; work         ;
;       |ram:r3|             ; 1 (0)             ; 0 (0)        ; 0                 ; 0          ; 0    ; 0            ; |fullram|bitslise:sl3|ram:r3                 ; ram          ; work         ;
;          |onebitmemory:m1| ; 1 (1)             ; 0 (0)        ; 0                 ; 0          ; 0    ; 0            ; |fullram|bitslise:sl3|ram:r3|onebitmemory:m1 ; onebitmemory ; work         ;
;       |ram:r4|             ; 1 (0)             ; 0 (0)        ; 0                 ; 0          ; 0    ; 0            ; |fullram|bitslise:sl3|ram:r4                 ; ram          ; work         ;
;          |onebitmemory:m1| ; 1 (1)             ; 0 (0)        ; 0                 ; 0          ; 0    ; 0            ; |fullram|bitslise:sl3|ram:r4|onebitmemory:m1 ; onebitmemory ; work         ;
;    |bitslise:sl4|          ; 9 (1)             ; 0 (0)        ; 0                 ; 0          ; 0    ; 0            ; |fullram|bitslise:sl4                        ; bitslise     ; work         ;
;       |onebitmemory:m2|    ; 4 (4)             ; 0 (0)        ; 0                 ; 0          ; 0    ; 0            ; |fullram|bitslise:sl4|onebitmemory:m2        ; onebitmemory ; work         ;
;       |ram:r1|             ; 1 (0)             ; 0 (0)        ; 0                 ; 0          ; 0    ; 0            ; |fullram|bitslise:sl4|ram:r1                 ; ram          ; work         ;
;          |onebitmemory:m1| ; 1 (1)             ; 0 (0)        ; 0                 ; 0          ; 0    ; 0            ; |fullram|bitslise:sl4|ram:r1|onebitmemory:m1 ; onebitmemory ; work         ;
;       |ram:r2|             ; 1 (0)             ; 0 (0)        ; 0                 ; 0          ; 0    ; 0            ; |fullram|bitslise:sl4|ram:r2                 ; ram          ; work         ;
;          |onebitmemory:m1| ; 1 (1)             ; 0 (0)        ; 0                 ; 0          ; 0    ; 0            ; |fullram|bitslise:sl4|ram:r2|onebitmemory:m1 ; onebitmemory ; work         ;
;       |ram:r3|             ; 1 (0)             ; 0 (0)        ; 0                 ; 0          ; 0    ; 0            ; |fullram|bitslise:sl4|ram:r3                 ; ram          ; work         ;
;          |onebitmemory:m1| ; 1 (1)             ; 0 (0)        ; 0                 ; 0          ; 0    ; 0            ; |fullram|bitslise:sl4|ram:r3|onebitmemory:m1 ; onebitmemory ; work         ;
;       |ram:r4|             ; 1 (0)             ; 0 (0)        ; 0                 ; 0          ; 0    ; 0            ; |fullram|bitslise:sl4|ram:r4                 ; ram          ; work         ;
;          |onebitmemory:m1| ; 1 (1)             ; 0 (0)        ; 0                 ; 0          ; 0    ; 0            ; |fullram|bitslise:sl4|ram:r4|onebitmemory:m1 ; onebitmemory ; work         ;
+----------------------------+-------------------+--------------+-------------------+------------+------+--------------+----------------------------------------------+--------------+--------------+
Note: For table entries with two numbers listed, the numbers in parentheses indicate the number of resources of the given type used by the specific entity alone. The numbers listed outside of parentheses indicate the total resources of the given type used by the specific entity and all of its sub-entities in the hierarchy.


+-------------------------------------------------------------+
; Logic Cells Representing Combinational Loops                ;
+--------------------------------------------------------+----+
; Logic Cell Name                                        ;    ;
+--------------------------------------------------------+----+
; bitslise:sl1|onebitmemory:m2|q1~0                      ;    ;
; bitslise:sl2|onebitmemory:m2|q1~0                      ;    ;
; bitslise:sl3|onebitmemory:m2|q1~0                      ;    ;
; bitslise:sl4|onebitmemory:m2|q1~0                      ;    ;
; bitslise:sl1|ram:r1|onebitmemory:m1|q1~0               ;    ;
; bitslise:sl1|ram:r2|onebitmemory:m1|q1~0               ;    ;
; bitslise:sl1|ram:r3|onebitmemory:m1|q1~0               ;    ;
; bitslise:sl1|ram:r4|onebitmemory:m1|q1~0               ;    ;
; bitslise:sl2|ram:r1|onebitmemory:m1|q1~0               ;    ;
; bitslise:sl2|ram:r2|onebitmemory:m1|q1~0               ;    ;
; bitslise:sl2|ram:r3|onebitmemory:m1|q1~0               ;    ;
; bitslise:sl2|ram:r4|onebitmemory:m1|q1~0               ;    ;
; bitslise:sl3|ram:r1|onebitmemory:m1|q1~0               ;    ;
; bitslise:sl3|ram:r2|onebitmemory:m1|q1~0               ;    ;
; bitslise:sl3|ram:r3|onebitmemory:m1|q1~0               ;    ;
; bitslise:sl3|ram:r4|onebitmemory:m1|q1~0               ;    ;
; bitslise:sl4|ram:r1|onebitmemory:m1|q1~0               ;    ;
; bitslise:sl4|ram:r2|onebitmemory:m1|q1~0               ;    ;
; bitslise:sl4|ram:r3|onebitmemory:m1|q1~0               ;    ;
; bitslise:sl4|ram:r4|onebitmemory:m1|q1~0               ;    ;
; Number of logic cells representing combinational loops ; 20 ;
+--------------------------------------------------------+----+
Note: All cells listed above may not be present at the end of synthesis due to various synthesis optimizations.


+------------------------------------------------------+
; General Register Statistics                          ;
+----------------------------------------------+-------+
; Statistic                                    ; Value ;
+----------------------------------------------+-------+
; Total registers                              ; 0     ;
; Number of registers using Synchronous Clear  ; 0     ;
; Number of registers using Synchronous Load   ; 0     ;
; Number of registers using Asynchronous Clear ; 0     ;
; Number of registers using Asynchronous Load  ; 0     ;
; Number of registers using Clock Enable       ; 0     ;
; Number of registers using Preset             ; 0     ;
+----------------------------------------------+-------+


+----------------------------------------------------------+
; Port Connectivity Checks: "bitslise:sl1|onebitmemory:m2" ;
+------+--------+----------+-------------------------------+
; Port ; Type   ; Severity ; Details                       ;
+------+--------+----------+-------------------------------+
; q2   ; Output ; Info     ; Explicitly unconnected        ;
+------+--------+----------+-------------------------------+


+-----------------------------------------------------+
; Post-Synthesis Netlist Statistics for Top Partition ;
+-----------------------+-----------------------------+
; Type                  ; Count                       ;
+-----------------------+-----------------------------+
; arriav_lcell_comb     ; 40                          ;
;     normal            ; 40                          ;
;         1 data inputs ; 4                           ;
;         2 data inputs ; 4                           ;
;         4 data inputs ; 20                          ;
;         5 data inputs ; 4                           ;
;         6 data inputs ; 8                           ;
; boundary_port         ; 13                          ;
;                       ;                             ;
; Max LUT depth         ; 3.00                        ;
; Average LUT depth     ; 2.41                        ;
+-----------------------+-----------------------------+


+-------------------------------+
; Elapsed Time Per Partition    ;
+----------------+--------------+
; Partition Name ; Elapsed Time ;
+----------------+--------------+
; Top            ; 00:00:01     ;
+----------------+--------------+


+-------------------------------+
; Analysis & Synthesis Messages ;
+-------------------------------+
Info: *******************************************************************
Info: Running Quartus Prime Analysis & Synthesis
    Info: Version 16.0.0 Build 211 04/27/2016 SJ Lite Edition
    Info: Processing started: Fri Jul 22 21:13:39 2016
Info: Command: quartus_map --read_settings_files=on --write_settings_files=off memory -c memory
Warning (20028): Parallel compilation is not licensed and has been disabled
Info (12021): Found 1 design units, including 1 entities, in source file de0_nano_soc_baseline.v
    Info (12023): Found entity 1: de0_nano_soc_baseline File: C:/quartus_projects/memory/de0_nano_soc_baseline.v Line: 40
Info (12021): Found 1 design units, including 1 entities, in source file ram.v
    Info (12023): Found entity 1: ram File: C:/quartus_projects/memory/ram.v Line: 1
Info (12021): Found 1 design units, including 1 entities, in source file onebitmemory.v
    Info (12023): Found entity 1: onebitmemory File: C:/quartus_projects/memory/onebitmemory.v Line: 1
Info (12021): Found 1 design units, including 1 entities, in source file bitslise.v
    Info (12023): Found entity 1: bitslise File: C:/quartus_projects/memory/bitslise.v Line: 1
Info (12021): Found 1 design units, including 1 entities, in source file fullram.v
    Info (12023): Found entity 1: fullram File: C:/quartus_projects/memory/fullram.v Line: 1
Info (12127): Elaborating entity "fullram" for the top level hierarchy
Info (12128): Elaborating entity "bitslise" for hierarchy "bitslise:sl1" File: C:/quartus_projects/memory/fullram.v Line: 3
Info (12128): Elaborating entity "ram" for hierarchy "bitslise:sl1|ram:r1" File: C:/quartus_projects/memory/bitslise.v Line: 8
Info (12128): Elaborating entity "onebitmemory" for hierarchy "bitslise:sl1|ram:r1|onebitmemory:m1" File: C:/quartus_projects/memory/ram.v Line: 5
Info (286030): Timing-Driven Synthesis is running
Info (16010): Generating hard_block partition "hard_block:auto_generated_inst"
    Info (16011): Adding 0 node(s), including 0 DDIO, 0 PLL, 0 transceiver and 0 LCELL
Info (21057): Implemented 49 device resources after synthesis - the final resource count might be different
    Info (21058): Implemented 9 input pins
    Info (21059): Implemented 4 output pins
    Info (21061): Implemented 36 logic cells
Info: Quartus Prime Analysis & Synthesis was successful. 0 errors, 1 warning
    Info: Peak virtual memory: 894 megabytes
    Info: Processing ended: Fri Jul 22 21:14:10 2016
    Info: Elapsed time: 00:00:31
    Info: Total CPU time (on all processors): 00:01:12


