TimeQuest Timing Analyzer report for proc
Thu Jul 28 19:59:01 2016
Quartus Prime Version 16.0.0 Build 211 04/27/2016 SJ Lite Edition


---------------------
; Table of Contents ;
---------------------
  1. Legal Notice
  2. TimeQuest Timing Analyzer Summary
  3. Parallel Compilation
  4. SDC File List
  5. Clocks
  6. Slow 1100mV 85C Model Fmax Summary
  7. Timing Closure Recommendations
  8. Slow 1100mV 85C Model Setup Summary
  9. Slow 1100mV 85C Model Hold Summary
 10. Slow 1100mV 85C Model Recovery Summary
 11. Slow 1100mV 85C Model Removal Summary
 12. Slow 1100mV 85C Model Minimum Pulse Width Summary
 13. Slow 1100mV 85C Model Metastability Summary
 14. Slow 1100mV 0C Model Fmax Summary
 15. Slow 1100mV 0C Model Setup Summary
 16. Slow 1100mV 0C Model Hold Summary
 17. Slow 1100mV 0C Model Recovery Summary
 18. Slow 1100mV 0C Model Removal Summary
 19. Slow 1100mV 0C Model Minimum Pulse Width Summary
 20. Slow 1100mV 0C Model Metastability Summary
 21. Fast 1100mV 85C Model Setup Summary
 22. Fast 1100mV 85C Model Hold Summary
 23. Fast 1100mV 85C Model Recovery Summary
 24. Fast 1100mV 85C Model Removal Summary
 25. Fast 1100mV 85C Model Minimum Pulse Width Summary
 26. Fast 1100mV 85C Model Metastability Summary
 27. Fast 1100mV 0C Model Setup Summary
 28. Fast 1100mV 0C Model Hold Summary
 29. Fast 1100mV 0C Model Recovery Summary
 30. Fast 1100mV 0C Model Removal Summary
 31. Fast 1100mV 0C Model Minimum Pulse Width Summary
 32. Fast 1100mV 0C Model Metastability Summary
 33. Multicorner Timing Analysis Summary
 34. Board Trace Model Assignments
 35. Input Transition Times
 36. Signal Integrity Metrics (Slow 1100mv 0c Model)
 37. Signal Integrity Metrics (Slow 1100mv 85c Model)
 38. Signal Integrity Metrics (Fast 1100mv 0c Model)
 39. Signal Integrity Metrics (Fast 1100mv 85c Model)
 40. Setup Transfers
 41. Hold Transfers
 42. Recovery Transfers
 43. Removal Transfers
 44. Report TCCS
 45. Report RSKM
 46. Unconstrained Paths Summary
 47. Clock Status Summary
 48. Unconstrained Input Ports
 49. Unconstrained Output Ports
 50. Unconstrained Input Ports
 51. Unconstrained Output Ports
 52. TimeQuest Timing Analyzer Messages



----------------
; Legal Notice ;
----------------
Copyright (C) 1991-2016 Altera Corporation. All rights reserved.
Your use of Altera Corporation's design tools, logic functions 
and other software and tools, and its AMPP partner logic 
functions, and any output files from any of the foregoing 
(including device programming or simulation files), and any 
associated documentation or information are expressly subject 
to the terms and conditions of the Altera Program License 
Subscription Agreement, the Altera Quartus Prime License Agreement,
the Altera MegaCore Function License Agreement, or other 
applicable license agreement, including, without limitation, 
that your use is for the sole purpose of programming logic 
devices manufactured by Altera and sold by Altera or its 
authorized distributors.  Please refer to the applicable 
agreement for further details.



+-----------------------------------------------------------------------------+
; TimeQuest Timing Analyzer Summary                                           ;
+-----------------------+-----------------------------------------------------+
; Quartus Prime Version ; Version 16.0.0 Build 211 04/27/2016 SJ Lite Edition ;
; Timing Analyzer       ; TimeQuest                                           ;
; Revision Name         ; proc                                                ;
; Device Family         ; Cyclone V                                           ;
; Device Name           ; 5CSEMA4U23C6                                        ;
; Timing Models         ; Final                                               ;
; Delay Model           ; Combined                                            ;
; Rise/Fall Delays      ; Enabled                                             ;
+-----------------------+-----------------------------------------------------+


Parallel compilation was disabled, but you have multiple processors available. Enable parallel compilation to reduce compilation time.
+-------------------------------------+
; Parallel Compilation                ;
+----------------------------+--------+
; Processors                 ; Number ;
+----------------------------+--------+
; Number detected on machine ; 8      ;
; Maximum allowed            ; 1      ;
+----------------------------+--------+


+---------------------------------------------------+
; SDC File List                                     ;
+---------------+--------+--------------------------+
; SDC File Path ; Status ; Read at                  ;
+---------------+--------+--------------------------+
; proc.sdc      ; OK     ; Thu Jul 28 19:58:34 2016 ;
+---------------+--------+--------------------------+


+--------------------------------------------------------------------------------------------------------------------------------------------------------------------------------------------------------------------------------------------------------------------------------------------------------------------------------------------------------------------------------------------------------------------------------------------------------+
; Clocks                                                                                                                                                                                                                                                                                                                                                                                                                                                 ;
+-----------------------------------------------------------------------+-----------+----------+-----------+---------+----------+------------+-----------+-------------+-------+--------+-----------+------------+----------+---------------------------------------------------------------------+--------------------------------------------------------------------------+---------------------------------------------------------------------------+
; Clock Name                                                            ; Type      ; Period   ; Frequency ; Rise    ; Fall     ; Duty Cycle ; Divide by ; Multiply by ; Phase ; Offset ; Edge List ; Edge Shift ; Inverted ; Master                                                              ; Source                                                                   ; Targets                                                                   ;
+-----------------------------------------------------------------------+-----------+----------+-----------+---------+----------+------------+-----------+-------------+-------+--------+-----------+------------+----------+---------------------------------------------------------------------+--------------------------------------------------------------------------+---------------------------------------------------------------------------+
; altera_reserved_tck                                                   ; Base      ; 33.333   ; 30.0 MHz  ; 0.000   ; 16.666   ;            ;           ;             ;       ;        ;           ;            ;          ;                                                                     ;                                                                          ; { altera_reserved_tck }                                                   ;
; CLOCK_50                                                              ; Base      ; 20.000   ; 50.0 MHz  ; 0.000   ; 10.000   ;            ;           ;             ;       ;        ;           ;            ;          ;                                                                     ;                                                                          ; { clk }                                                                   ;
; inst5|clk_inst|altera_pll_i|general[0].gpll~FRACTIONAL_PLL|vcoph[0]   ; Generated ; 2.500    ; 400.0 MHz ; 0.000   ; 1.250    ; 50.00      ; 1         ; 8           ;       ;        ;           ;            ; false    ; CLOCK_50                                                            ; inst5|clk_inst|altera_pll_i|general[0].gpll~FRACTIONAL_PLL|refclkin      ; { inst5|clk_inst|altera_pll_i|general[0].gpll~FRACTIONAL_PLL|vcoph[0] }   ;
; inst5|clk_inst|altera_pll_i|general[0].gpll~PLL_OUTPUT_COUNTER|divclk ; Generated ; 1250.000 ; 0.8 MHz   ; 625.000 ; 1250.000 ; 50.00      ; 500       ; 1           ; 180.0 ;        ;           ;            ; false    ; inst5|clk_inst|altera_pll_i|general[0].gpll~FRACTIONAL_PLL|vcoph[0] ; inst5|clk_inst|altera_pll_i|general[0].gpll~PLL_OUTPUT_COUNTER|vco0ph[0] ; { inst5|clk_inst|altera_pll_i|general[0].gpll~PLL_OUTPUT_COUNTER|divclk } ;
; inst5|clk_inst|altera_pll_i|general[1].gpll~PLL_OUTPUT_COUNTER|divclk ; Generated ; 625.000  ; 1.6 MHz   ; 0.000   ; 312.500  ; 50.00      ; 250       ; 1           ;       ;        ;           ;            ; false    ; inst5|clk_inst|altera_pll_i|general[0].gpll~FRACTIONAL_PLL|vcoph[0] ; inst5|clk_inst|altera_pll_i|general[1].gpll~PLL_OUTPUT_COUNTER|vco0ph[0] ; { inst5|clk_inst|altera_pll_i|general[1].gpll~PLL_OUTPUT_COUNTER|divclk } ;
+-----------------------------------------------------------------------+-----------+----------+-----------+---------+----------+------------+-----------+-------------+-------+--------+-----------+------------+----------+---------------------------------------------------------------------+--------------------------------------------------------------------------+---------------------------------------------------------------------------+


+------------------------------------------------------------------------------------------------------------+
; Slow 1100mV 85C Model Fmax Summary                                                                         ;
+-----------+-----------------+-----------------------------------------------------------------------+------+
; Fmax      ; Restricted Fmax ; Clock Name                                                            ; Note ;
+-----------+-----------------+-----------------------------------------------------------------------+------+
; 44.99 MHz ; 44.99 MHz       ; inst5|clk_inst|altera_pll_i|general[1].gpll~PLL_OUTPUT_COUNTER|divclk ;      ;
; 50.25 MHz ; 50.25 MHz       ; inst5|clk_inst|altera_pll_i|general[0].gpll~PLL_OUTPUT_COUNTER|divclk ;      ;
; 92.29 MHz ; 92.29 MHz       ; altera_reserved_tck                                                   ;      ;
+-----------+-----------------+-----------------------------------------------------------------------+------+
This panel reports FMAX for every clock in the design, regardless of the user-specified clock periods.  FMAX is only computed for paths where the source and destination registers or ports are driven by the same clock.  Paths of different clocks, including generated clocks, are ignored.  For paths between a clock and its inversion, FMAX is computed as if the rising and falling edges are scaled along with FMAX, such that the duty cycle (in terms of a percentage) is maintained. Altera recommends that you always use clock constraints and other slack reports for sign-off analysis.


----------------------------------
; Timing Closure Recommendations ;
----------------------------------
HTML report is unavailable in plain text report export.


+-------------------------------------------------------------------------------------------------+
; Slow 1100mV 85C Model Setup Summary                                                             ;
+-----------------------------------------------------------------------+---------+---------------+
; Clock                                                                 ; Slack   ; End Point TNS ;
+-----------------------------------------------------------------------+---------+---------------+
; altera_reserved_tck                                                   ; 11.249  ; 0.000         ;
; inst5|clk_inst|altera_pll_i|general[0].gpll~PLL_OUTPUT_COUNTER|divclk ; 592.763 ; 0.000         ;
; inst5|clk_inst|altera_pll_i|general[1].gpll~PLL_OUTPUT_COUNTER|divclk ; 602.774 ; 0.000         ;
+-----------------------------------------------------------------------+---------+---------------+


+-----------------------------------------------------------------------------------------------+
; Slow 1100mV 85C Model Hold Summary                                                            ;
+-----------------------------------------------------------------------+-------+---------------+
; Clock                                                                 ; Slack ; End Point TNS ;
+-----------------------------------------------------------------------+-------+---------------+
; inst5|clk_inst|altera_pll_i|general[0].gpll~PLL_OUTPUT_COUNTER|divclk ; 0.255 ; 0.000         ;
; altera_reserved_tck                                                   ; 0.470 ; 0.000         ;
; inst5|clk_inst|altera_pll_i|general[1].gpll~PLL_OUTPUT_COUNTER|divclk ; 0.758 ; 0.000         ;
+-----------------------------------------------------------------------+-------+---------------+


+----------------------------------------------+
; Slow 1100mV 85C Model Recovery Summary       ;
+---------------------+--------+---------------+
; Clock               ; Slack  ; End Point TNS ;
+---------------------+--------+---------------+
; altera_reserved_tck ; 29.824 ; 0.000         ;
+---------------------+--------+---------------+


+---------------------------------------------+
; Slow 1100mV 85C Model Removal Summary       ;
+---------------------+-------+---------------+
; Clock               ; Slack ; End Point TNS ;
+---------------------+-------+---------------+
; altera_reserved_tck ; 0.984 ; 0.000         ;
+---------------------+-------+---------------+


+-------------------------------------------------------------------------------------------------+
; Slow 1100mV 85C Model Minimum Pulse Width Summary                                               ;
+-----------------------------------------------------------------------+---------+---------------+
; Clock                                                                 ; Slack   ; End Point TNS ;
+-----------------------------------------------------------------------+---------+---------------+
; inst5|clk_inst|altera_pll_i|general[0].gpll~FRACTIONAL_PLL|vcoph[0]   ; 1.250   ; 0.000         ;
; CLOCK_50                                                              ; 9.900   ; 0.000         ;
; altera_reserved_tck                                                   ; 15.047  ; 0.000         ;
; inst5|clk_inst|altera_pll_i|general[1].gpll~PLL_OUTPUT_COUNTER|divclk ; 311.260 ; 0.000         ;
; inst5|clk_inst|altera_pll_i|general[0].gpll~PLL_OUTPUT_COUNTER|divclk ; 624.271 ; 0.000         ;
+-----------------------------------------------------------------------+---------+---------------+


-----------------------------------------------
; Slow 1100mV 85C Model Metastability Summary ;
-----------------------------------------------
No synchronizer chains to report.


+------------------------------------------------------------------------------------------------------------+
; Slow 1100mV 0C Model Fmax Summary                                                                          ;
+-----------+-----------------+-----------------------------------------------------------------------+------+
; Fmax      ; Restricted Fmax ; Clock Name                                                            ; Note ;
+-----------+-----------------+-----------------------------------------------------------------------+------+
; 46.15 MHz ; 46.15 MHz       ; inst5|clk_inst|altera_pll_i|general[1].gpll~PLL_OUTPUT_COUNTER|divclk ;      ;
; 51.61 MHz ; 51.61 MHz       ; inst5|clk_inst|altera_pll_i|general[0].gpll~PLL_OUTPUT_COUNTER|divclk ;      ;
; 93.89 MHz ; 93.89 MHz       ; altera_reserved_tck                                                   ;      ;
+-----------+-----------------+-----------------------------------------------------------------------+------+
This panel reports FMAX for every clock in the design, regardless of the user-specified clock periods.  FMAX is only computed for paths where the source and destination registers or ports are driven by the same clock.  Paths of different clocks, including generated clocks, are ignored.  For paths between a clock and its inversion, FMAX is computed as if the rising and falling edges are scaled along with FMAX, such that the duty cycle (in terms of a percentage) is maintained. Altera recommends that you always use clock constraints and other slack reports for sign-off analysis.


+-------------------------------------------------------------------------------------------------+
; Slow 1100mV 0C Model Setup Summary                                                              ;
+-----------------------------------------------------------------------+---------+---------------+
; Clock                                                                 ; Slack   ; End Point TNS ;
+-----------------------------------------------------------------------+---------+---------------+
; altera_reserved_tck                                                   ; 11.341  ; 0.000         ;
; inst5|clk_inst|altera_pll_i|general[0].gpll~PLL_OUTPUT_COUNTER|divclk ; 593.438 ; 0.000         ;
; inst5|clk_inst|altera_pll_i|general[1].gpll~PLL_OUTPUT_COUNTER|divclk ; 603.333 ; 0.000         ;
+-----------------------------------------------------------------------+---------+---------------+


+-----------------------------------------------------------------------------------------------+
; Slow 1100mV 0C Model Hold Summary                                                             ;
+-----------------------------------------------------------------------+-------+---------------+
; Clock                                                                 ; Slack ; End Point TNS ;
+-----------------------------------------------------------------------+-------+---------------+
; inst5|clk_inst|altera_pll_i|general[0].gpll~PLL_OUTPUT_COUNTER|divclk ; 0.240 ; 0.000         ;
; altera_reserved_tck                                                   ; 0.441 ; 0.000         ;
; inst5|clk_inst|altera_pll_i|general[1].gpll~PLL_OUTPUT_COUNTER|divclk ; 0.727 ; 0.000         ;
+-----------------------------------------------------------------------+-------+---------------+


+----------------------------------------------+
; Slow 1100mV 0C Model Recovery Summary        ;
+---------------------+--------+---------------+
; Clock               ; Slack  ; End Point TNS ;
+---------------------+--------+---------------+
; altera_reserved_tck ; 29.997 ; 0.000         ;
+---------------------+--------+---------------+


+---------------------------------------------+
; Slow 1100mV 0C Model Removal Summary        ;
+---------------------+-------+---------------+
; Clock               ; Slack ; End Point TNS ;
+---------------------+-------+---------------+
; altera_reserved_tck ; 0.892 ; 0.000         ;
+---------------------+-------+---------------+


+-------------------------------------------------------------------------------------------------+
; Slow 1100mV 0C Model Minimum Pulse Width Summary                                                ;
+-----------------------------------------------------------------------+---------+---------------+
; Clock                                                                 ; Slack   ; End Point TNS ;
+-----------------------------------------------------------------------+---------+---------------+
; inst5|clk_inst|altera_pll_i|general[0].gpll~FRACTIONAL_PLL|vcoph[0]   ; 1.250   ; 0.000         ;
; CLOCK_50                                                              ; 9.926   ; 0.000         ;
; altera_reserved_tck                                                   ; 15.052  ; 0.000         ;
; inst5|clk_inst|altera_pll_i|general[1].gpll~PLL_OUTPUT_COUNTER|divclk ; 311.224 ; 0.000         ;
; inst5|clk_inst|altera_pll_i|general[0].gpll~PLL_OUTPUT_COUNTER|divclk ; 624.205 ; 0.000         ;
+-----------------------------------------------------------------------+---------+---------------+


----------------------------------------------
; Slow 1100mV 0C Model Metastability Summary ;
----------------------------------------------
No synchronizer chains to report.


+-------------------------------------------------------------------------------------------------+
; Fast 1100mV 85C Model Setup Summary                                                             ;
+-----------------------------------------------------------------------+---------+---------------+
; Clock                                                                 ; Slack   ; End Point TNS ;
+-----------------------------------------------------------------------+---------+---------------+
; altera_reserved_tck                                                   ; 13.645  ; 0.000         ;
; inst5|clk_inst|altera_pll_i|general[0].gpll~PLL_OUTPUT_COUNTER|divclk ; 603.168 ; 0.000         ;
; inst5|clk_inst|altera_pll_i|general[1].gpll~PLL_OUTPUT_COUNTER|divclk ; 609.910 ; 0.000         ;
+-----------------------------------------------------------------------+---------+---------------+


+-----------------------------------------------------------------------------------------------+
; Fast 1100mV 85C Model Hold Summary                                                            ;
+-----------------------------------------------------------------------+-------+---------------+
; Clock                                                                 ; Slack ; End Point TNS ;
+-----------------------------------------------------------------------+-------+---------------+
; inst5|clk_inst|altera_pll_i|general[0].gpll~PLL_OUTPUT_COUNTER|divclk ; 0.147 ; 0.000         ;
; altera_reserved_tck                                                   ; 0.203 ; 0.000         ;
; inst5|clk_inst|altera_pll_i|general[1].gpll~PLL_OUTPUT_COUNTER|divclk ; 0.451 ; 0.000         ;
+-----------------------------------------------------------------------+-------+---------------+


+----------------------------------------------+
; Fast 1100mV 85C Model Recovery Summary       ;
+---------------------+--------+---------------+
; Clock               ; Slack  ; End Point TNS ;
+---------------------+--------+---------------+
; altera_reserved_tck ; 30.982 ; 0.000         ;
+---------------------+--------+---------------+


+---------------------------------------------+
; Fast 1100mV 85C Model Removal Summary       ;
+---------------------+-------+---------------+
; Clock               ; Slack ; End Point TNS ;
+---------------------+-------+---------------+
; altera_reserved_tck ; 0.489 ; 0.000         ;
+---------------------+-------+---------------+


+-------------------------------------------------------------------------------------------------+
; Fast 1100mV 85C Model Minimum Pulse Width Summary                                               ;
+-----------------------------------------------------------------------+---------+---------------+
; Clock                                                                 ; Slack   ; End Point TNS ;
+-----------------------------------------------------------------------+---------+---------------+
; inst5|clk_inst|altera_pll_i|general[0].gpll~FRACTIONAL_PLL|vcoph[0]   ; 1.250   ; 0.000         ;
; CLOCK_50                                                              ; 9.643   ; 0.000         ;
; altera_reserved_tck                                                   ; 14.854  ; 0.000         ;
; inst5|clk_inst|altera_pll_i|general[1].gpll~PLL_OUTPUT_COUNTER|divclk ; 311.381 ; 0.000         ;
; inst5|clk_inst|altera_pll_i|general[0].gpll~PLL_OUTPUT_COUNTER|divclk ; 624.535 ; 0.000         ;
+-----------------------------------------------------------------------+---------+---------------+


-----------------------------------------------
; Fast 1100mV 85C Model Metastability Summary ;
-----------------------------------------------
No synchronizer chains to report.


+-------------------------------------------------------------------------------------------------+
; Fast 1100mV 0C Model Setup Summary                                                              ;
+-----------------------------------------------------------------------+---------+---------------+
; Clock                                                                 ; Slack   ; End Point TNS ;
+-----------------------------------------------------------------------+---------+---------------+
; altera_reserved_tck                                                   ; 13.959  ; 0.000         ;
; inst5|clk_inst|altera_pll_i|general[0].gpll~PLL_OUTPUT_COUNTER|divclk ; 605.710 ; 0.000         ;
; inst5|clk_inst|altera_pll_i|general[1].gpll~PLL_OUTPUT_COUNTER|divclk ; 611.601 ; 0.000         ;
+-----------------------------------------------------------------------+---------+---------------+


+-----------------------------------------------------------------------------------------------+
; Fast 1100mV 0C Model Hold Summary                                                             ;
+-----------------------------------------------------------------------+-------+---------------+
; Clock                                                                 ; Slack ; End Point TNS ;
+-----------------------------------------------------------------------+-------+---------------+
; inst5|clk_inst|altera_pll_i|general[0].gpll~PLL_OUTPUT_COUNTER|divclk ; 0.134 ; 0.000         ;
; altera_reserved_tck                                                   ; 0.169 ; 0.000         ;
; inst5|clk_inst|altera_pll_i|general[1].gpll~PLL_OUTPUT_COUNTER|divclk ; 0.376 ; 0.000         ;
+-----------------------------------------------------------------------+-------+---------------+


+----------------------------------------------+
; Fast 1100mV 0C Model Recovery Summary        ;
+---------------------+--------+---------------+
; Clock               ; Slack  ; End Point TNS ;
+---------------------+--------+---------------+
; altera_reserved_tck ; 31.216 ; 0.000         ;
+---------------------+--------+---------------+


+---------------------------------------------+
; Fast 1100mV 0C Model Removal Summary        ;
+---------------------+-------+---------------+
; Clock               ; Slack ; End Point TNS ;
+---------------------+-------+---------------+
; altera_reserved_tck ; 0.419 ; 0.000         ;
+---------------------+-------+---------------+


+-------------------------------------------------------------------------------------------------+
; Fast 1100mV 0C Model Minimum Pulse Width Summary                                                ;
+-----------------------------------------------------------------------+---------+---------------+
; Clock                                                                 ; Slack   ; End Point TNS ;
+-----------------------------------------------------------------------+---------+---------------+
; inst5|clk_inst|altera_pll_i|general[0].gpll~FRACTIONAL_PLL|vcoph[0]   ; 1.250   ; 0.000         ;
; CLOCK_50                                                              ; 9.632   ; 0.000         ;
; altera_reserved_tck                                                   ; 14.888  ; 0.000         ;
; inst5|clk_inst|altera_pll_i|general[1].gpll~PLL_OUTPUT_COUNTER|divclk ; 311.387 ; 0.000         ;
; inst5|clk_inst|altera_pll_i|general[0].gpll~PLL_OUTPUT_COUNTER|divclk ; 624.529 ; 0.000         ;
+-----------------------------------------------------------------------+---------+---------------+


----------------------------------------------
; Fast 1100mV 0C Model Metastability Summary ;
----------------------------------------------
No synchronizer chains to report.


+-------------------------------------------------------------------------------------------------------------------------------------+
; Multicorner Timing Analysis Summary                                                                                                 ;
+------------------------------------------------------------------------+---------+-------+----------+---------+---------------------+
; Clock                                                                  ; Setup   ; Hold  ; Recovery ; Removal ; Minimum Pulse Width ;
+------------------------------------------------------------------------+---------+-------+----------+---------+---------------------+
; Worst-case Slack                                                       ; 11.249  ; 0.134 ; 29.824   ; 0.419   ; 1.250               ;
;  CLOCK_50                                                              ; N/A     ; N/A   ; N/A      ; N/A     ; 9.632               ;
;  altera_reserved_tck                                                   ; 11.249  ; 0.169 ; 29.824   ; 0.419   ; 14.854              ;
;  inst5|clk_inst|altera_pll_i|general[0].gpll~FRACTIONAL_PLL|vcoph[0]   ; N/A     ; N/A   ; N/A      ; N/A     ; 1.250               ;
;  inst5|clk_inst|altera_pll_i|general[0].gpll~PLL_OUTPUT_COUNTER|divclk ; 592.763 ; 0.134 ; N/A      ; N/A     ; 624.205             ;
;  inst5|clk_inst|altera_pll_i|general[1].gpll~PLL_OUTPUT_COUNTER|divclk ; 602.774 ; 0.376 ; N/A      ; N/A     ; 311.224             ;
; Design-wide TNS                                                        ; 0.0     ; 0.0   ; 0.0      ; 0.0     ; 0.0                 ;
;  CLOCK_50                                                              ; N/A     ; N/A   ; N/A      ; N/A     ; 0.000               ;
;  altera_reserved_tck                                                   ; 0.000   ; 0.000 ; 0.000    ; 0.000   ; 0.000               ;
;  inst5|clk_inst|altera_pll_i|general[0].gpll~FRACTIONAL_PLL|vcoph[0]   ; N/A     ; N/A   ; N/A      ; N/A     ; 0.000               ;
;  inst5|clk_inst|altera_pll_i|general[0].gpll~PLL_OUTPUT_COUNTER|divclk ; 0.000   ; 0.000 ; N/A      ; N/A     ; 0.000               ;
;  inst5|clk_inst|altera_pll_i|general[1].gpll~PLL_OUTPUT_COUNTER|divclk ; 0.000   ; 0.000 ; N/A      ; N/A     ; 0.000               ;
+------------------------------------------------------------------------+---------+-------+----------+---------+---------------------+


+------------------------------------------------------------------------------------------------------------------------------------------------------------------------------------------------------------------------------------------------------------------------------------------------------------------------------------------------------------------------------------------------------------------------+
; Board Trace Model Assignments                                                                                                                                                                                                                                                                                                                                                                                          ;
+---------------------+--------------+-------------------+-------------------------+-------------------------+---------------+---------------------+----------------+------------------+--------+------------------+------------------------+------------------------+--------------+---------------+-----------------+-------+---------------------+--------------------+---------------+-----------------+-------------+
; Pin                 ; I/O Standard ; Near Tline Length ; Near Tline L per Length ; Near Tline C per Length ; Near Series R ; Near Differential R ; Near Pull-up R ; Near Pull-down R ; Near C ; Far Tline Length ; Far Tline L per Length ; Far Tline C per Length ; Far Series R ; Far Pull-up R ; Far Pull-down R ; Far C ; Termination Voltage ; Far Differential R ; EBD File Name ; EBD Signal Name ; EBD Far-end ;
+---------------------+--------------+-------------------+-------------------------+-------------------------+---------------+---------------------+----------------+------------------+--------+------------------+------------------------+------------------------+--------------+---------------+-----------------+-------+---------------------+--------------------+---------------+-----------------+-------------+
; altera_reserved_tdo ; 2.5 V        ; 0 in              ; 0 H/in                  ; 0 F/in                  ; short         ; -                   ; open           ; open             ; open   ; 0 in             ; 0 H/in                 ; 0 F/in                 ; short        ; open          ; open            ; open  ; 0 V                 ; -                  ; n/a           ; n/a             ; n/a         ;
+---------------------+--------------+-------------------+-------------------------+-------------------------+---------------+---------------------+----------------+------------------+--------+------------------+------------------------+------------------------+--------------+---------------+-----------------+-------+---------------------+--------------------+---------------+-----------------+-------------+


+------------------------------------------------------------------------+
; Input Transition Times                                                 ;
+---------------------+--------------+-----------------+-----------------+
; Pin                 ; I/O Standard ; 10-90 Rise Time ; 90-10 Fall Time ;
+---------------------+--------------+-----------------+-----------------+
; clk                 ; 2.5 V        ; 2000 ps         ; 2000 ps         ;
; altera_reserved_tms ; 2.5 V        ; 2000 ps         ; 2000 ps         ;
; altera_reserved_tck ; 2.5 V        ; 2000 ps         ; 2000 ps         ;
; altera_reserved_tdi ; 2.5 V        ; 2000 ps         ; 2000 ps         ;
+---------------------+--------------+-----------------+-----------------+


+--------------------------------------------------------------------------------------------------------------------------------------------------------------------------------------------------------------------------------------------------------------------------------------------------------------------------------------------------------------------------------------------------------------------------------------------------------------------------------------------------------------------------------------------------------------------------------------------------------------------------------------------------------------------------------------------------+
; Signal Integrity Metrics (Slow 1100mv 0c Model)                                                                                                                                                                                                                                                                                                                                                                                                                                                                                                                                                                                                                                                  ;
+---------------------+--------------+---------------------+---------------------+------------------------------+------------------------------+---------------------+---------------------+--------------------------------------+--------------------------------------+-----------------------------+-----------------------------+----------------------------+----------------------------+-----------------------------+-----------------------------+--------------------+--------------------+-------------------------------------+-------------------------------------+----------------------------+----------------------------+---------------------------+---------------------------+
; Pin                 ; I/O Standard ; Board Delay on Rise ; Board Delay on Fall ; Steady State Voh at FPGA Pin ; Steady State Vol at FPGA Pin ; Voh Max at FPGA Pin ; Vol Min at FPGA Pin ; Ringback Voltage on Rise at FPGA Pin ; Ringback Voltage on Fall at FPGA Pin ; 10-90 Rise Time at FPGA Pin ; 90-10 Fall Time at FPGA Pin ; Monotonic Rise at FPGA Pin ; Monotonic Fall at FPGA Pin ; Steady State Voh at Far-end ; Steady State Vol at Far-end ; Voh Max at Far-end ; Vol Min at Far-end ; Ringback Voltage on Rise at Far-end ; Ringback Voltage on Fall at Far-end ; 10-90 Rise Time at Far-end ; 90-10 Fall Time at Far-end ; Monotonic Rise at Far-end ; Monotonic Fall at Far-end ;
+---------------------+--------------+---------------------+---------------------+------------------------------+------------------------------+---------------------+---------------------+--------------------------------------+--------------------------------------+-----------------------------+-----------------------------+----------------------------+----------------------------+-----------------------------+-----------------------------+--------------------+--------------------+-------------------------------------+-------------------------------------+----------------------------+----------------------------+---------------------------+---------------------------+
; altera_reserved_tdo ; 2.5 V        ; 0 s                 ; 0 s                 ; 2.32 V                       ; 3.2e-07 V                    ; 2.41 V              ; -0.0623 V           ; 0.154 V                              ; 0.113 V                              ; 4.52e-10 s                  ; 4.28e-10 s                  ; No                         ; No                         ; 2.32 V                      ; 3.2e-07 V                   ; 2.41 V             ; -0.0623 V          ; 0.154 V                             ; 0.113 V                             ; 4.52e-10 s                 ; 4.28e-10 s                 ; No                        ; No                        ;
+---------------------+--------------+---------------------+---------------------+------------------------------+------------------------------+---------------------+---------------------+--------------------------------------+--------------------------------------+-----------------------------+-----------------------------+----------------------------+----------------------------+-----------------------------+-----------------------------+--------------------+--------------------+-------------------------------------+-------------------------------------+----------------------------+----------------------------+---------------------------+---------------------------+


+--------------------------------------------------------------------------------------------------------------------------------------------------------------------------------------------------------------------------------------------------------------------------------------------------------------------------------------------------------------------------------------------------------------------------------------------------------------------------------------------------------------------------------------------------------------------------------------------------------------------------------------------------------------------------------------------------+
; Signal Integrity Metrics (Slow 1100mv 85c Model)                                                                                                                                                                                                                                                                                                                                                                                                                                                                                                                                                                                                                                                 ;
+---------------------+--------------+---------------------+---------------------+------------------------------+------------------------------+---------------------+---------------------+--------------------------------------+--------------------------------------+-----------------------------+-----------------------------+----------------------------+----------------------------+-----------------------------+-----------------------------+--------------------+--------------------+-------------------------------------+-------------------------------------+----------------------------+----------------------------+---------------------------+---------------------------+
; Pin                 ; I/O Standard ; Board Delay on Rise ; Board Delay on Fall ; Steady State Voh at FPGA Pin ; Steady State Vol at FPGA Pin ; Voh Max at FPGA Pin ; Vol Min at FPGA Pin ; Ringback Voltage on Rise at FPGA Pin ; Ringback Voltage on Fall at FPGA Pin ; 10-90 Rise Time at FPGA Pin ; 90-10 Fall Time at FPGA Pin ; Monotonic Rise at FPGA Pin ; Monotonic Fall at FPGA Pin ; Steady State Voh at Far-end ; Steady State Vol at Far-end ; Voh Max at Far-end ; Vol Min at Far-end ; Ringback Voltage on Rise at Far-end ; Ringback Voltage on Fall at Far-end ; 10-90 Rise Time at Far-end ; 90-10 Fall Time at Far-end ; Monotonic Rise at Far-end ; Monotonic Fall at Far-end ;
+---------------------+--------------+---------------------+---------------------+------------------------------+------------------------------+---------------------+---------------------+--------------------------------------+--------------------------------------+-----------------------------+-----------------------------+----------------------------+----------------------------+-----------------------------+-----------------------------+--------------------+--------------------+-------------------------------------+-------------------------------------+----------------------------+----------------------------+---------------------------+---------------------------+
; altera_reserved_tdo ; 2.5 V        ; 0 s                 ; 0 s                 ; 2.32 V                       ; 3.5e-05 V                    ; 2.37 V              ; -0.0421 V           ; 0.168 V                              ; 0.143 V                              ; 4.71e-10 s                  ; 4.57e-10 s                  ; No                         ; Yes                        ; 2.32 V                      ; 3.5e-05 V                   ; 2.37 V             ; -0.0421 V          ; 0.168 V                             ; 0.143 V                             ; 4.71e-10 s                 ; 4.57e-10 s                 ; No                        ; Yes                       ;
+---------------------+--------------+---------------------+---------------------+------------------------------+------------------------------+---------------------+---------------------+--------------------------------------+--------------------------------------+-----------------------------+-----------------------------+----------------------------+----------------------------+-----------------------------+-----------------------------+--------------------+--------------------+-------------------------------------+-------------------------------------+----------------------------+----------------------------+---------------------------+---------------------------+


+--------------------------------------------------------------------------------------------------------------------------------------------------------------------------------------------------------------------------------------------------------------------------------------------------------------------------------------------------------------------------------------------------------------------------------------------------------------------------------------------------------------------------------------------------------------------------------------------------------------------------------------------------------------------------------------------------+
; Signal Integrity Metrics (Fast 1100mv 0c Model)                                                                                                                                                                                                                                                                                                                                                                                                                                                                                                                                                                                                                                                  ;
+---------------------+--------------+---------------------+---------------------+------------------------------+------------------------------+---------------------+---------------------+--------------------------------------+--------------------------------------+-----------------------------+-----------------------------+----------------------------+----------------------------+-----------------------------+-----------------------------+--------------------+--------------------+-------------------------------------+-------------------------------------+----------------------------+----------------------------+---------------------------+---------------------------+
; Pin                 ; I/O Standard ; Board Delay on Rise ; Board Delay on Fall ; Steady State Voh at FPGA Pin ; Steady State Vol at FPGA Pin ; Voh Max at FPGA Pin ; Vol Min at FPGA Pin ; Ringback Voltage on Rise at FPGA Pin ; Ringback Voltage on Fall at FPGA Pin ; 10-90 Rise Time at FPGA Pin ; 90-10 Fall Time at FPGA Pin ; Monotonic Rise at FPGA Pin ; Monotonic Fall at FPGA Pin ; Steady State Voh at Far-end ; Steady State Vol at Far-end ; Voh Max at Far-end ; Vol Min at Far-end ; Ringback Voltage on Rise at Far-end ; Ringback Voltage on Fall at Far-end ; 10-90 Rise Time at Far-end ; 90-10 Fall Time at Far-end ; Monotonic Rise at Far-end ; Monotonic Fall at Far-end ;
+---------------------+--------------+---------------------+---------------------+------------------------------+------------------------------+---------------------+---------------------+--------------------------------------+--------------------------------------+-----------------------------+-----------------------------+----------------------------+----------------------------+-----------------------------+-----------------------------+--------------------+--------------------+-------------------------------------+-------------------------------------+----------------------------+----------------------------+---------------------------+---------------------------+
; altera_reserved_tdo ; 2.5 V        ; 0 s                 ; 0 s                 ; 2.75 V                       ; 3.79e-06 V                   ; 2.9 V               ; -0.122 V            ; 0.312 V                              ; 0.277 V                              ; 2.78e-10 s                  ; 2.7e-10 s                   ; No                         ; No                         ; 2.75 V                      ; 3.79e-06 V                  ; 2.9 V              ; -0.122 V           ; 0.312 V                             ; 0.277 V                             ; 2.78e-10 s                 ; 2.7e-10 s                  ; No                        ; No                        ;
+---------------------+--------------+---------------------+---------------------+------------------------------+------------------------------+---------------------+---------------------+--------------------------------------+--------------------------------------+-----------------------------+-----------------------------+----------------------------+----------------------------+-----------------------------+-----------------------------+--------------------+--------------------+-------------------------------------+-------------------------------------+----------------------------+----------------------------+---------------------------+---------------------------+


+--------------------------------------------------------------------------------------------------------------------------------------------------------------------------------------------------------------------------------------------------------------------------------------------------------------------------------------------------------------------------------------------------------------------------------------------------------------------------------------------------------------------------------------------------------------------------------------------------------------------------------------------------------------------------------------------------+
; Signal Integrity Metrics (Fast 1100mv 85c Model)                                                                                                                                                                                                                                                                                                                                                                                                                                                                                                                                                                                                                                                 ;
+---------------------+--------------+---------------------+---------------------+------------------------------+------------------------------+---------------------+---------------------+--------------------------------------+--------------------------------------+-----------------------------+-----------------------------+----------------------------+----------------------------+-----------------------------+-----------------------------+--------------------+--------------------+-------------------------------------+-------------------------------------+----------------------------+----------------------------+---------------------------+---------------------------+
; Pin                 ; I/O Standard ; Board Delay on Rise ; Board Delay on Fall ; Steady State Voh at FPGA Pin ; Steady State Vol at FPGA Pin ; Voh Max at FPGA Pin ; Vol Min at FPGA Pin ; Ringback Voltage on Rise at FPGA Pin ; Ringback Voltage on Fall at FPGA Pin ; 10-90 Rise Time at FPGA Pin ; 90-10 Fall Time at FPGA Pin ; Monotonic Rise at FPGA Pin ; Monotonic Fall at FPGA Pin ; Steady State Voh at Far-end ; Steady State Vol at Far-end ; Voh Max at Far-end ; Vol Min at Far-end ; Ringback Voltage on Rise at Far-end ; Ringback Voltage on Fall at Far-end ; 10-90 Rise Time at Far-end ; 90-10 Fall Time at Far-end ; Monotonic Rise at Far-end ; Monotonic Fall at Far-end ;
+---------------------+--------------+---------------------+---------------------+------------------------------+------------------------------+---------------------+---------------------+--------------------------------------+--------------------------------------+-----------------------------+-----------------------------+----------------------------+----------------------------+-----------------------------+-----------------------------+--------------------+--------------------+-------------------------------------+-------------------------------------+----------------------------+----------------------------+---------------------------+---------------------------+
; altera_reserved_tdo ; 2.5 V        ; 0 s                 ; 0 s                 ; 2.75 V                       ; 0.000219 V                   ; 2.85 V              ; -0.0938 V           ; 0.339 V                              ; 0.156 V                              ; 3.08e-10 s                  ; 4.29e-10 s                  ; No                         ; No                         ; 2.75 V                      ; 0.000219 V                  ; 2.85 V             ; -0.0938 V          ; 0.339 V                             ; 0.156 V                             ; 3.08e-10 s                 ; 4.29e-10 s                 ; No                        ; No                        ;
+---------------------+--------------+---------------------+---------------------+------------------------------+------------------------------+---------------------+---------------------+--------------------------------------+--------------------------------------+-----------------------------+-----------------------------+----------------------------+----------------------------+-----------------------------+-----------------------------+--------------------+--------------------+-------------------------------------+-------------------------------------+----------------------------+----------------------------+---------------------------+---------------------------+


+--------------------------------------------------------------------------------------------------------------------------------------------------------------------------------------------+
; Setup Transfers                                                                                                                                                                            ;
+-----------------------------------------------------------------------+-----------------------------------------------------------------------+-----------+----------+----------+----------+
; From Clock                                                            ; To Clock                                                              ; RR Paths  ; FR Paths ; RF Paths ; FF Paths ;
+-----------------------------------------------------------------------+-----------------------------------------------------------------------+-----------+----------+----------+----------+
; altera_reserved_tck                                                   ; altera_reserved_tck                                                   ; 12415     ; 0        ; 47       ; 0        ;
; inst5|clk_inst|altera_pll_i|general[0].gpll~PLL_OUTPUT_COUNTER|divclk ; inst5|clk_inst|altera_pll_i|general[0].gpll~PLL_OUTPUT_COUNTER|divclk ; 2712456   ; 0        ; 0        ; 0        ;
; inst5|clk_inst|altera_pll_i|general[1].gpll~PLL_OUTPUT_COUNTER|divclk ; inst5|clk_inst|altera_pll_i|general[0].gpll~PLL_OUTPUT_COUNTER|divclk ; 366949344 ; 0        ; 0        ; 0        ;
; inst5|clk_inst|altera_pll_i|general[0].gpll~PLL_OUTPUT_COUNTER|divclk ; inst5|clk_inst|altera_pll_i|general[1].gpll~PLL_OUTPUT_COUNTER|divclk ; 42531     ; 0        ; 0        ; 0        ;
; inst5|clk_inst|altera_pll_i|general[1].gpll~PLL_OUTPUT_COUNTER|divclk ; inst5|clk_inst|altera_pll_i|general[1].gpll~PLL_OUTPUT_COUNTER|divclk ; 3608418   ; 0        ; 0        ; 0        ;
+-----------------------------------------------------------------------+-----------------------------------------------------------------------+-----------+----------+----------+----------+
Entries labeled "false path" only account for clock-to-clock false paths and not path-based false paths. As a result, actual path counts may be lower than reported.


+--------------------------------------------------------------------------------------------------------------------------------------------------------------------------------------------+
; Hold Transfers                                                                                                                                                                             ;
+-----------------------------------------------------------------------+-----------------------------------------------------------------------+-----------+----------+----------+----------+
; From Clock                                                            ; To Clock                                                              ; RR Paths  ; FR Paths ; RF Paths ; FF Paths ;
+-----------------------------------------------------------------------+-----------------------------------------------------------------------+-----------+----------+----------+----------+
; altera_reserved_tck                                                   ; altera_reserved_tck                                                   ; 12415     ; 0        ; 47       ; 0        ;
; inst5|clk_inst|altera_pll_i|general[0].gpll~PLL_OUTPUT_COUNTER|divclk ; inst5|clk_inst|altera_pll_i|general[0].gpll~PLL_OUTPUT_COUNTER|divclk ; 2712456   ; 0        ; 0        ; 0        ;
; inst5|clk_inst|altera_pll_i|general[1].gpll~PLL_OUTPUT_COUNTER|divclk ; inst5|clk_inst|altera_pll_i|general[0].gpll~PLL_OUTPUT_COUNTER|divclk ; 366949344 ; 0        ; 0        ; 0        ;
; inst5|clk_inst|altera_pll_i|general[0].gpll~PLL_OUTPUT_COUNTER|divclk ; inst5|clk_inst|altera_pll_i|general[1].gpll~PLL_OUTPUT_COUNTER|divclk ; 42531     ; 0        ; 0        ; 0        ;
; inst5|clk_inst|altera_pll_i|general[1].gpll~PLL_OUTPUT_COUNTER|divclk ; inst5|clk_inst|altera_pll_i|general[1].gpll~PLL_OUTPUT_COUNTER|divclk ; 3608418   ; 0        ; 0        ; 0        ;
+-----------------------------------------------------------------------+-----------------------------------------------------------------------+-----------+----------+----------+----------+
Entries labeled "false path" only account for clock-to-clock false paths and not path-based false paths. As a result, actual path counts may be lower than reported.


+---------------------------------------------------------------------------------------+
; Recovery Transfers                                                                    ;
+---------------------+---------------------+----------+----------+----------+----------+
; From Clock          ; To Clock            ; RR Paths ; FR Paths ; RF Paths ; FF Paths ;
+---------------------+---------------------+----------+----------+----------+----------+
; altera_reserved_tck ; altera_reserved_tck ; 138      ; 0        ; 0        ; 0        ;
+---------------------+---------------------+----------+----------+----------+----------+
Entries labeled "false path" only account for clock-to-clock false paths and not path-based false paths. As a result, actual path counts may be lower than reported.


+---------------------------------------------------------------------------------------+
; Removal Transfers                                                                     ;
+---------------------+---------------------+----------+----------+----------+----------+
; From Clock          ; To Clock            ; RR Paths ; FR Paths ; RF Paths ; FF Paths ;
+---------------------+---------------------+----------+----------+----------+----------+
; altera_reserved_tck ; altera_reserved_tck ; 138      ; 0        ; 0        ; 0        ;
+---------------------+---------------------+----------+----------+----------+----------+
Entries labeled "false path" only account for clock-to-clock false paths and not path-based false paths. As a result, actual path counts may be lower than reported.


---------------
; Report TCCS ;
---------------
No dedicated SERDES Transmitter circuitry present in device or used in design


---------------
; Report RSKM ;
---------------
No non-DPA dedicated SERDES Receiver circuitry present in device or used in design


+------------------------------------------------+
; Unconstrained Paths Summary                    ;
+---------------------------------+-------+------+
; Property                        ; Setup ; Hold ;
+---------------------------------+-------+------+
; Illegal Clocks                  ; 0     ; 0    ;
; Unconstrained Clocks            ; 0     ; 0    ;
; Unconstrained Input Ports       ; 2     ; 2    ;
; Unconstrained Input Port Paths  ; 79    ; 79   ;
; Unconstrained Output Ports      ; 1     ; 1    ;
; Unconstrained Output Port Paths ; 5     ; 5    ;
+---------------------------------+-------+------+


+-------------------------------------------------------------------------------------------------------------------------------------------------------------------------+
; Clock Status Summary                                                                                                                                                    ;
+-----------------------------------------------------------------------+-----------------------------------------------------------------------+-----------+-------------+
; Target                                                                ; Clock                                                                 ; Type      ; Status      ;
+-----------------------------------------------------------------------+-----------------------------------------------------------------------+-----------+-------------+
; altera_reserved_tck                                                   ; altera_reserved_tck                                                   ; Base      ; Constrained ;
; clk                                                                   ; CLOCK_50                                                              ; Base      ; Constrained ;
; inst5|clk_inst|altera_pll_i|general[0].gpll~FRACTIONAL_PLL|vcoph[0]   ; inst5|clk_inst|altera_pll_i|general[0].gpll~FRACTIONAL_PLL|vcoph[0]   ; Generated ; Constrained ;
; inst5|clk_inst|altera_pll_i|general[0].gpll~PLL_OUTPUT_COUNTER|divclk ; inst5|clk_inst|altera_pll_i|general[0].gpll~PLL_OUTPUT_COUNTER|divclk ; Generated ; Constrained ;
; inst5|clk_inst|altera_pll_i|general[1].gpll~PLL_OUTPUT_COUNTER|divclk ; inst5|clk_inst|altera_pll_i|general[1].gpll~PLL_OUTPUT_COUNTER|divclk ; Generated ; Constrained ;
+-----------------------------------------------------------------------+-----------------------------------------------------------------------+-----------+-------------+


+------------------------------------------------------------------------------------------------------------+
; Unconstrained Input Ports                                                                                  ;
+---------------------+--------------------------------------------------------------------------------------+
; Input Port          ; Comment                                                                              ;
+---------------------+--------------------------------------------------------------------------------------+
; altera_reserved_tdi ; No input delay, min/max delays, false-path exceptions, or max skew assignments found ;
; altera_reserved_tms ; No input delay, min/max delays, false-path exceptions, or max skew assignments found ;
+---------------------+--------------------------------------------------------------------------------------+


+-------------------------------------------------------------------------------------------------------------+
; Unconstrained Output Ports                                                                                  ;
+---------------------+---------------------------------------------------------------------------------------+
; Output Port         ; Comment                                                                               ;
+---------------------+---------------------------------------------------------------------------------------+
; altera_reserved_tdo ; No output delay, min/max delays, false-path exceptions, or max skew assignments found ;
+---------------------+---------------------------------------------------------------------------------------+


+------------------------------------------------------------------------------------------------------------+
; Unconstrained Input Ports                                                                                  ;
+---------------------+--------------------------------------------------------------------------------------+
; Input Port          ; Comment                                                                              ;
+---------------------+--------------------------------------------------------------------------------------+
; altera_reserved_tdi ; No input delay, min/max delays, false-path exceptions, or max skew assignments found ;
; altera_reserved_tms ; No input delay, min/max delays, false-path exceptions, or max skew assignments found ;
+---------------------+--------------------------------------------------------------------------------------+


+-------------------------------------------------------------------------------------------------------------+
; Unconstrained Output Ports                                                                                  ;
+---------------------+---------------------------------------------------------------------------------------+
; Output Port         ; Comment                                                                               ;
+---------------------+---------------------------------------------------------------------------------------+
; altera_reserved_tdo ; No output delay, min/max delays, false-path exceptions, or max skew assignments found ;
+---------------------+---------------------------------------------------------------------------------------+


+------------------------------------+
; TimeQuest Timing Analyzer Messages ;
+------------------------------------+
Info: *******************************************************************
Info: Running Quartus Prime TimeQuest Timing Analyzer
    Info: Version 16.0.0 Build 211 04/27/2016 SJ Lite Edition
    Info: Processing started: Thu Jul 28 19:58:31 2016
Info: Command: quartus_sta proc -c proc
Info: qsta_default_script.tcl version: #1
Warning (20013): Ignored 16 assignments for entity "clk2" -- entity does not exist in design
    Warning (20014): Assignment for entity set_global_assignment -name IP_TOOL_NAME altera_pll -entity clk2 -sip clk2.sip -library lib_clk2 was ignored
    Warning (20014): Assignment for entity set_global_assignment -name IP_TOOL_VERSION 16.0 -entity clk2 -sip clk2.sip -library lib_clk2 was ignored
    Warning (20014): Assignment for entity set_global_assignment -name IP_TOOL_ENV mwpim -entity clk2 -sip clk2.sip -library lib_clk2 was ignored
Warning (20013): Ignored 317 assignments for entity "clk2_0002" -- entity does not exist in design
Warning (20028): Parallel compilation is not licensed and has been disabled
Info (21077): Low junction temperature is 0 degrees C
Info (21077): High junction temperature is 85 degrees C
Info (332164): Evaluating HDL-embedded SDC commands
    Info (332165): Entity sld_hub
        Info (332166): create_clock -name altera_reserved_tck [get_ports {altera_reserved_tck}] -period 30MHz   
        Info (332166): if { [string equal quartus_fit $::TimeQuestInfo(nameofexecutable)] } { set_max_delay -to [get_ports { altera_reserved_tdo } ] 0 }
        Info (332166): set_clock_groups -asynchronous -group {altera_reserved_tck}
Info (332104): Reading SDC File: 'proc.sdc'
Info (332110): Deriving PLL clocks
    Info (332110): create_generated_clock -source {inst5|clk_inst|altera_pll_i|general[0].gpll~FRACTIONAL_PLL|refclkin} -multiply_by 8 -duty_cycle 50.00 -name {inst5|clk_inst|altera_pll_i|general[0].gpll~FRACTIONAL_PLL|vcoph[0]} {inst5|clk_inst|altera_pll_i|general[0].gpll~FRACTIONAL_PLL|vcoph[0]}
    Info (332110): create_generated_clock -source {inst5|clk_inst|altera_pll_i|general[0].gpll~PLL_OUTPUT_COUNTER|vco0ph[0]} -divide_by 500 -phase 180.00 -duty_cycle 50.00 -name {inst5|clk_inst|altera_pll_i|general[0].gpll~PLL_OUTPUT_COUNTER|divclk} {inst5|clk_inst|altera_pll_i|general[0].gpll~PLL_OUTPUT_COUNTER|divclk}
    Info (332110): create_generated_clock -source {inst5|clk_inst|altera_pll_i|general[1].gpll~PLL_OUTPUT_COUNTER|vco0ph[0]} -divide_by 250 -duty_cycle 50.00 -name {inst5|clk_inst|altera_pll_i|general[1].gpll~PLL_OUTPUT_COUNTER|divclk} {inst5|clk_inst|altera_pll_i|general[1].gpll~PLL_OUTPUT_COUNTER|divclk}
Info (332151): Clock uncertainty is not calculated until you update the timing netlist.
Info (332097): The following timing edges are non-unate.  TimeQuest will assume pos-unate behavior for these edges in the clock network.
    Info (332098): Cell: inst5|clk_inst|altera_pll_i|general[0].gpll~FRACTIONAL_PLL  from: refclkin  to: fbclk
    Info (332098): Cell: inst5|clk_inst|altera_pll_i|general[0].gpll~PLL_OUTPUT_COUNTER  from: vco0ph[0]  to: divclk
    Info (332098): Cell: inst5|clk_inst|altera_pll_i|general[0].gpll~PLL_REFCLK_SELECT  from: clkin[0]  to: clkout
    Info (332098): Cell: inst5|clk_inst|altera_pll_i|general[1].gpll~PLL_OUTPUT_COUNTER  from: vco0ph[0]  to: divclk
Info (332123): Deriving Clock Uncertainty. Please refer to report_sdc in TimeQuest to see clock uncertainties.
Info: Found TIMEQUEST_REPORT_SCRIPT_INCLUDE_DEFAULT_ANALYSIS = ON
Info: Analyzing Slow 1100mV 85C Model
Info (332146): Worst-case setup slack is 11.249
    Info (332119):     Slack       End Point TNS Clock 
    Info (332119): ========= =================== =====================
    Info (332119):    11.249               0.000 altera_reserved_tck 
    Info (332119):   592.763               0.000 inst5|clk_inst|altera_pll_i|general[0].gpll~PLL_OUTPUT_COUNTER|divclk 
    Info (332119):   602.774               0.000 inst5|clk_inst|altera_pll_i|general[1].gpll~PLL_OUTPUT_COUNTER|divclk 
Info (332146): Worst-case hold slack is 0.255
    Info (332119):     Slack       End Point TNS Clock 
    Info (332119): ========= =================== =====================
    Info (332119):     0.255               0.000 inst5|clk_inst|altera_pll_i|general[0].gpll~PLL_OUTPUT_COUNTER|divclk 
    Info (332119):     0.470               0.000 altera_reserved_tck 
    Info (332119):     0.758               0.000 inst5|clk_inst|altera_pll_i|general[1].gpll~PLL_OUTPUT_COUNTER|divclk 
Info (332146): Worst-case recovery slack is 29.824
    Info (332119):     Slack       End Point TNS Clock 
    Info (332119): ========= =================== =====================
    Info (332119):    29.824               0.000 altera_reserved_tck 
Info (332146): Worst-case removal slack is 0.984
    Info (332119):     Slack       End Point TNS Clock 
    Info (332119): ========= =================== =====================
    Info (332119):     0.984               0.000 altera_reserved_tck 
Info (332146): Worst-case minimum pulse width slack is 1.250
    Info (332119):     Slack       End Point TNS Clock 
    Info (332119): ========= =================== =====================
    Info (332119):     1.250               0.000 inst5|clk_inst|altera_pll_i|general[0].gpll~FRACTIONAL_PLL|vcoph[0] 
    Info (332119):     9.900               0.000 CLOCK_50 
    Info (332119):    15.047               0.000 altera_reserved_tck 
    Info (332119):   311.260               0.000 inst5|clk_inst|altera_pll_i|general[1].gpll~PLL_OUTPUT_COUNTER|divclk 
    Info (332119):   624.271               0.000 inst5|clk_inst|altera_pll_i|general[0].gpll~PLL_OUTPUT_COUNTER|divclk 
Info: Analyzing Slow 1100mV 0C Model
Info (334003): Started post-fitting delay annotation
Info (334004): Delay annotation completed successfully
Info (332097): The following timing edges are non-unate.  TimeQuest will assume pos-unate behavior for these edges in the clock network.
    Info (332098): Cell: inst5|clk_inst|altera_pll_i|general[0].gpll~FRACTIONAL_PLL  from: refclkin  to: fbclk
    Info (332098): Cell: inst5|clk_inst|altera_pll_i|general[0].gpll~PLL_OUTPUT_COUNTER  from: vco0ph[0]  to: divclk
    Info (332098): Cell: inst5|clk_inst|altera_pll_i|general[0].gpll~PLL_REFCLK_SELECT  from: clkin[0]  to: clkout
    Info (332098): Cell: inst5|clk_inst|altera_pll_i|general[1].gpll~PLL_OUTPUT_COUNTER  from: vco0ph[0]  to: divclk
Info (332123): Deriving Clock Uncertainty. Please refer to report_sdc in TimeQuest to see clock uncertainties.
Info (332146): Worst-case setup slack is 11.341
    Info (332119):     Slack       End Point TNS Clock 
    Info (332119): ========= =================== =====================
    Info (332119):    11.341               0.000 altera_reserved_tck 
    Info (332119):   593.438               0.000 inst5|clk_inst|altera_pll_i|general[0].gpll~PLL_OUTPUT_COUNTER|divclk 
    Info (332119):   603.333               0.000 inst5|clk_inst|altera_pll_i|general[1].gpll~PLL_OUTPUT_COUNTER|divclk 
Info (332146): Worst-case hold slack is 0.240
    Info (332119):     Slack       End Point TNS Clock 
    Info (332119): ========= =================== =====================
    Info (332119):     0.240               0.000 inst5|clk_inst|altera_pll_i|general[0].gpll~PLL_OUTPUT_COUNTER|divclk 
    Info (332119):     0.441               0.000 altera_reserved_tck 
    Info (332119):     0.727               0.000 inst5|clk_inst|altera_pll_i|general[1].gpll~PLL_OUTPUT_COUNTER|divclk 
Info (332146): Worst-case recovery slack is 29.997
    Info (332119):     Slack       End Point TNS Clock 
    Info (332119): ========= =================== =====================
    Info (332119):    29.997               0.000 altera_reserved_tck 
Info (332146): Worst-case removal slack is 0.892
    Info (332119):     Slack       End Point TNS Clock 
    Info (332119): ========= =================== =====================
    Info (332119):     0.892               0.000 altera_reserved_tck 
Info (332146): Worst-case minimum pulse width slack is 1.250
    Info (332119):     Slack       End Point TNS Clock 
    Info (332119): ========= =================== =====================
    Info (332119):     1.250               0.000 inst5|clk_inst|altera_pll_i|general[0].gpll~FRACTIONAL_PLL|vcoph[0] 
    Info (332119):     9.926               0.000 CLOCK_50 
    Info (332119):    15.052               0.000 altera_reserved_tck 
    Info (332119):   311.224               0.000 inst5|clk_inst|altera_pll_i|general[1].gpll~PLL_OUTPUT_COUNTER|divclk 
    Info (332119):   624.205               0.000 inst5|clk_inst|altera_pll_i|general[0].gpll~PLL_OUTPUT_COUNTER|divclk 
Info: Analyzing Fast 1100mV 85C Model
Info (334003): Started post-fitting delay annotation
Info (334004): Delay annotation completed successfully
Info (332097): The following timing edges are non-unate.  TimeQuest will assume pos-unate behavior for these edges in the clock network.
    Info (332098): Cell: inst5|clk_inst|altera_pll_i|general[0].gpll~FRACTIONAL_PLL  from: refclkin  to: fbclk
    Info (332098): Cell: inst5|clk_inst|altera_pll_i|general[0].gpll~PLL_OUTPUT_COUNTER  from: vco0ph[0]  to: divclk
    Info (332098): Cell: inst5|clk_inst|altera_pll_i|general[0].gpll~PLL_REFCLK_SELECT  from: clkin[0]  to: clkout
    Info (332098): Cell: inst5|clk_inst|altera_pll_i|general[1].gpll~PLL_OUTPUT_COUNTER  from: vco0ph[0]  to: divclk
Info (332123): Deriving Clock Uncertainty. Please refer to report_sdc in TimeQuest to see clock uncertainties.
Info (332146): Worst-case setup slack is 13.645
    Info (332119):     Slack       End Point TNS Clock 
    Info (332119): ========= =================== =====================
    Info (332119):    13.645               0.000 altera_reserved_tck 
    Info (332119):   603.168               0.000 inst5|clk_inst|altera_pll_i|general[0].gpll~PLL_OUTPUT_COUNTER|divclk 
    Info (332119):   609.910               0.000 inst5|clk_inst|altera_pll_i|general[1].gpll~PLL_OUTPUT_COUNTER|divclk 
Info (332146): Worst-case hold slack is 0.147
    Info (332119):     Slack       End Point TNS Clock 
    Info (332119): ========= =================== =====================
    Info (332119):     0.147               0.000 inst5|clk_inst|altera_pll_i|general[0].gpll~PLL_OUTPUT_COUNTER|divclk 
    Info (332119):     0.203               0.000 altera_reserved_tck 
    Info (332119):     0.451               0.000 inst5|clk_inst|altera_pll_i|general[1].gpll~PLL_OUTPUT_COUNTER|divclk 
Info (332146): Worst-case recovery slack is 30.982
    Info (332119):     Slack       End Point TNS Clock 
    Info (332119): ========= =================== =====================
    Info (332119):    30.982               0.000 altera_reserved_tck 
Info (332146): Worst-case removal slack is 0.489
    Info (332119):     Slack       End Point TNS Clock 
    Info (332119): ========= =================== =====================
    Info (332119):     0.489               0.000 altera_reserved_tck 
Info (332146): Worst-case minimum pulse width slack is 1.250
    Info (332119):     Slack       End Point TNS Clock 
    Info (332119): ========= =================== =====================
    Info (332119):     1.250               0.000 inst5|clk_inst|altera_pll_i|general[0].gpll~FRACTIONAL_PLL|vcoph[0] 
    Info (332119):     9.643               0.000 CLOCK_50 
    Info (332119):    14.854               0.000 altera_reserved_tck 
    Info (332119):   311.381               0.000 inst5|clk_inst|altera_pll_i|general[1].gpll~PLL_OUTPUT_COUNTER|divclk 
    Info (332119):   624.535               0.000 inst5|clk_inst|altera_pll_i|general[0].gpll~PLL_OUTPUT_COUNTER|divclk 
Info: Analyzing Fast 1100mV 0C Model
Info (332097): The following timing edges are non-unate.  TimeQuest will assume pos-unate behavior for these edges in the clock network.
    Info (332098): Cell: inst5|clk_inst|altera_pll_i|general[0].gpll~FRACTIONAL_PLL  from: refclkin  to: fbclk
    Info (332098): Cell: inst5|clk_inst|altera_pll_i|general[0].gpll~PLL_OUTPUT_COUNTER  from: vco0ph[0]  to: divclk
    Info (332098): Cell: inst5|clk_inst|altera_pll_i|general[0].gpll~PLL_REFCLK_SELECT  from: clkin[0]  to: clkout
    Info (332098): Cell: inst5|clk_inst|altera_pll_i|general[1].gpll~PLL_OUTPUT_COUNTER  from: vco0ph[0]  to: divclk
Info (332123): Deriving Clock Uncertainty. Please refer to report_sdc in TimeQuest to see clock uncertainties.
Info (332146): Worst-case setup slack is 13.959
    Info (332119):     Slack       End Point TNS Clock 
    Info (332119): ========= =================== =====================
    Info (332119):    13.959               0.000 altera_reserved_tck 
    Info (332119):   605.710               0.000 inst5|clk_inst|altera_pll_i|general[0].gpll~PLL_OUTPUT_COUNTER|divclk 
    Info (332119):   611.601               0.000 inst5|clk_inst|altera_pll_i|general[1].gpll~PLL_OUTPUT_COUNTER|divclk 
Info (332146): Worst-case hold slack is 0.134
    Info (332119):     Slack       End Point TNS Clock 
    Info (332119): ========= =================== =====================
    Info (332119):     0.134               0.000 inst5|clk_inst|altera_pll_i|general[0].gpll~PLL_OUTPUT_COUNTER|divclk 
    Info (332119):     0.169               0.000 altera_reserved_tck 
    Info (332119):     0.376               0.000 inst5|clk_inst|altera_pll_i|general[1].gpll~PLL_OUTPUT_COUNTER|divclk 
Info (332146): Worst-case recovery slack is 31.216
    Info (332119):     Slack       End Point TNS Clock 
    Info (332119): ========= =================== =====================
    Info (332119):    31.216               0.000 altera_reserved_tck 
Info (332146): Worst-case removal slack is 0.419
    Info (332119):     Slack       End Point TNS Clock 
    Info (332119): ========= =================== =====================
    Info (332119):     0.419               0.000 altera_reserved_tck 
Info (332146): Worst-case minimum pulse width slack is 1.250
    Info (332119):     Slack       End Point TNS Clock 
    Info (332119): ========= =================== =====================
    Info (332119):     1.250               0.000 inst5|clk_inst|altera_pll_i|general[0].gpll~FRACTIONAL_PLL|vcoph[0] 
    Info (332119):     9.632               0.000 CLOCK_50 
    Info (332119):    14.888               0.000 altera_reserved_tck 
    Info (332119):   311.387               0.000 inst5|clk_inst|altera_pll_i|general[1].gpll~PLL_OUTPUT_COUNTER|divclk 
    Info (332119):   624.529               0.000 inst5|clk_inst|altera_pll_i|general[0].gpll~PLL_OUTPUT_COUNTER|divclk 
Info (332102): Design is not fully constrained for setup requirements
Info (332102): Design is not fully constrained for hold requirements
Info: Quartus Prime TimeQuest Timing Analyzer was successful. 0 errors, 6 warnings
    Info: Peak virtual memory: 1248 megabytes
    Info: Processing ended: Thu Jul 28 19:59:01 2016
    Info: Elapsed time: 00:00:30
    Info: Total CPU time (on all processors): 00:00:29


