Flow report for 123
Tue Jul 19 07:03:47 2016
Quartus Prime Version 16.0.0 Build 211 04/27/2016 SJ Lite Edition


---------------------
; Table of Contents ;
---------------------
  1. Legal Notice
  2. Flow Summary
  3. Flow Settings
  4. Flow Non-Default Global Settings
  5. Flow Elapsed Time
  6. Flow OS Summary
  7. Flow Log
  8. Flow Messages
  9. Flow Suppressed Messages



----------------
; Legal Notice ;
----------------
Copyright (C) 1991-2016 Altera Corporation. All rights reserved.
Your use of Altera Corporation's design tools, logic functions 
and other software and tools, and its AMPP partner logic 
functions, and any output files from any of the foregoing 
(including device programming or simulation files), and any 
associated documentation or information are expressly subject 
to the terms and conditions of the Altera Program License 
Subscription Agreement, the Altera Quartus Prime License Agreement,
the Altera MegaCore Function License Agreement, or other 
applicable license agreement, including, without limitation, 
that your use is for the sole purpose of programming logic 
devices manufactured by Altera and sold by Altera or its 
authorized distributors.  Please refer to the applicable 
agreement for further details.



+-------------------------------------------------------------------------------+
; Flow Summary                                                                  ;
+---------------------------------+---------------------------------------------+
; Flow Status                     ; Successful - Tue Jul 19 07:03:47 2016       ;
; Quartus Prime Version           ; 16.0.0 Build 211 04/27/2016 SJ Lite Edition ;
; Revision Name                   ; 123                                         ;
; Top-level Entity Name           ; counter                                     ;
; Family                          ; Cyclone V                                   ;
; Device                          ; 5CSEMA4U23C6                                ;
; Timing Models                   ; Final                                       ;
; Logic utilization (in ALMs)     ; 4 / 15,880 ( < 1 % )                        ;
; Total registers                 ; 0                                           ;
; Total pins                      ; 4 / 314 ( 1 % )                             ;
; Total virtual pins              ; 0                                           ;
; Total block memory bits         ; 0 / 2,764,800 ( 0 % )                       ;
; Total DSP Blocks                ; 0 / 84 ( 0 % )                              ;
; Total HSSI RX PCSs              ; 0                                           ;
; Total HSSI PMA RX Deserializers ; 0                                           ;
; Total HSSI TX PCSs              ; 0                                           ;
; Total HSSI PMA TX Serializers   ; 0                                           ;
; Total PLLs                      ; 0 / 5 ( 0 % )                               ;
; Total DLLs                      ; 0 / 4 ( 0 % )                               ;
+---------------------------------+---------------------------------------------+


+-----------------------------------------+
; Flow Settings                           ;
+-------------------+---------------------+
; Option            ; Setting             ;
+-------------------+---------------------+
; Start date & time ; 07/19/2016 07:01:02 ;
; Main task         ; Compilation         ;
; Revision Name     ; 123                 ;
+-------------------+---------------------+


+---------------------------------------------------------------------------------------------------------------------+
; Flow Non-Default Global Settings                                                                                    ;
+-------------------------------------+--------------------------------+---------------+-------------+----------------+
; Assignment Name                     ; Value                          ; Default Value ; Entity Name ; Section Id     ;
+-------------------------------------+--------------------------------+---------------+-------------+----------------+
; COMPILER_SIGNATURE_ID               ; 20853985943961.146893686206240 ; --            ; --          ; --             ;
; EDA_OUTPUT_DATA_FORMAT              ; Vhdl                           ; --            ; --          ; eda_simulation ;
; EDA_SIMULATION_TOOL                 ; ModelSim-Altera (VHDL)         ; <None>        ; --          ; --             ;
; MAX_CORE_JUNCTION_TEMP              ; 85                             ; --            ; --          ; --             ;
; MIN_CORE_JUNCTION_TEMP              ; 0                              ; --            ; --          ; --             ;
; PARTITION_COLOR                     ; 16764057                       ; --            ; counter     ; Top            ;
; PARTITION_FITTER_PRESERVATION_LEVEL ; PLACEMENT_AND_ROUTING          ; --            ; counter     ; Top            ;
; PARTITION_NETLIST_TYPE              ; SOURCE                         ; --            ; counter     ; Top            ;
; PROJECT_OUTPUT_DIRECTORY            ; output_files                   ; --            ; --          ; --             ;
; TOP_LEVEL_ENTITY                    ; counter                        ; 123           ; --          ; --             ;
+-------------------------------------+--------------------------------+---------------+-------------+----------------+


+-------------------------------------------------------------------------------------------------------------------------------+
; Flow Elapsed Time                                                                                                             ;
+---------------------------+--------------+-------------------------+---------------------+------------------------------------+
; Module Name               ; Elapsed Time ; Average Processors Used ; Peak Virtual Memory ; Total CPU Time (on all processors) ;
+---------------------------+--------------+-------------------------+---------------------+------------------------------------+
; Analysis & Synthesis      ; 00:00:24     ; 1.0                     ; 872 MB              ; 00:00:57                           ;
; Fitter                    ; 00:00:48     ; 1.0                     ; 1898 MB             ; 00:01:00                           ;
; Assembler                 ; 00:00:09     ; 1.0                     ; 901 MB              ; 00:00:08                           ;
; TimeQuest Timing Analyzer ; 00:00:09     ; 1.0                     ; 1088 MB             ; 00:00:08                           ;
; EDA Netlist Writer        ; 00:00:03     ; 1.0                     ; 806 MB              ; 00:00:02                           ;
; EDA Netlist Writer        ; 00:00:02     ; 1.0                     ; 786 MB              ; 00:00:02                           ;
; EDA Netlist Writer        ; 00:00:02     ; 1.0                     ; 795 MB              ; 00:00:02                           ;
; EDA Netlist Writer        ; 00:00:02     ; 1.0                     ; 786 MB              ; 00:00:02                           ;
; EDA Netlist Writer        ; 00:00:02     ; 1.0                     ; 795 MB              ; 00:00:02                           ;
; Total                     ; 00:01:41     ; --                      ; --                  ; 00:02:23                           ;
+---------------------------+--------------+-------------------------+---------------------+------------------------------------+


+----------------------------------------------------------------------------------------+
; Flow OS Summary                                                                        ;
+---------------------------+------------------+-----------+------------+----------------+
; Module Name               ; Machine Hostname ; OS Name   ; OS Version ; Processor type ;
+---------------------------+------------------+-----------+------------+----------------+
; Analysis & Synthesis      ; AP49             ; Windows 8 ; 6.2        ; x86_64         ;
; Fitter                    ; AP49             ; Windows 8 ; 6.2        ; x86_64         ;
; Assembler                 ; AP49             ; Windows 8 ; 6.2        ; x86_64         ;
; TimeQuest Timing Analyzer ; AP49             ; Windows 8 ; 6.2        ; x86_64         ;
; EDA Netlist Writer        ; AP49             ; Windows 8 ; 6.2        ; x86_64         ;
; EDA Netlist Writer        ; AP49             ; Windows 8 ; 6.2        ; x86_64         ;
; EDA Netlist Writer        ; AP49             ; Windows 8 ; 6.2        ; x86_64         ;
; EDA Netlist Writer        ; AP49             ; Windows 8 ; 6.2        ; x86_64         ;
; EDA Netlist Writer        ; AP49             ; Windows 8 ; 6.2        ; x86_64         ;
+---------------------------+------------------+-----------+------------+----------------+


------------
; Flow Log ;
------------
quartus_map --read_settings_files=on --write_settings_files=off 123 -c 123
quartus_fit --read_settings_files=off --write_settings_files=off 123 -c 123
quartus_asm --read_settings_files=off --write_settings_files=off 123 -c 123
quartus_sta 123 -c 123
quartus_eda --read_settings_files=off --write_settings_files=off 123 -c 123
quartus_eda --gen_testbench --tool=modelsim_oem --format=verilog --write_settings_files=off 123 -c 123 --vector_source=C:/quartus_project/19.07.2016/Waveform3.vwf --testbench_file=C:/quartus_project/19.07.2016/simulation/qsim/Waveform3.vwf.vt
quartus_eda --write_settings_files=off --functional=on --flatten_buses=off --simulation=on --tool=modelsim_oem --format=verilog --output_directory=C:/quartus_project/19.07.2016/simulation/qsim/ 123 -c 123
quartus_eda --gen_testbench --tool=modelsim_oem --format=verilog --write_settings_files=off 123 -c 123 --vector_source=C:/quartus_project/19.07.2016/Waveform3.vwf --testbench_file=C:/quartus_project/19.07.2016/simulation/qsim/Waveform3.vwf.vt
quartus_eda --write_settings_files=off --functional=on --flatten_buses=off --simulation=on --tool=modelsim_oem --format=verilog --output_directory=C:/quartus_project/19.07.2016/simulation/qsim/ 123 -c 123



