Assembler report for 123
Tue Jul 19 07:02:26 2016
Quartus Prime Version 16.0.0 Build 211 04/27/2016 SJ Lite Edition


---------------------
; Table of Contents ;
---------------------
  1. Legal Notice
  2. Assembler Summary
  3. Assembler Settings
  4. Assembler Generated Files
  5. Assembler Device Options: C:/quartus_project/19.07.2016/output_files/123.sof
  6. Assembler Messages



----------------
; Legal Notice ;
----------------
Copyright (C) 1991-2016 Altera Corporation. All rights reserved.
Your use of Altera Corporation's design tools, logic functions 
and other software and tools, and its AMPP partner logic 
functions, and any output files from any of the foregoing 
(including device programming or simulation files), and any 
associated documentation or information are expressly subject 
to the terms and conditions of the Altera Program License 
Subscription Agreement, the Altera Quartus Prime License Agreement,
the Altera MegaCore Function License Agreement, or other 
applicable license agreement, including, without limitation, 
that your use is for the sole purpose of programming logic 
devices manufactured by Altera and sold by Altera or its 
authorized distributors.  Please refer to the applicable 
agreement for further details.



+---------------------------------------------------------------+
; Assembler Summary                                             ;
+-----------------------+---------------------------------------+
; Assembler Status      ; Successful - Tue Jul 19 07:02:26 2016 ;
; Revision Name         ; 123                                   ;
; Top-level Entity Name ; counter                               ;
; Family                ; Cyclone V                             ;
; Device                ; 5CSEMA4U23C6                          ;
+-----------------------+---------------------------------------+


+----------------------------------+
; Assembler Settings               ;
+--------+---------+---------------+
; Option ; Setting ; Default Value ;
+--------+---------+---------------+


+----------------------------------------------------+
; Assembler Generated Files                          ;
+----------------------------------------------------+
; File Name                                          ;
+----------------------------------------------------+
; C:/quartus_project/19.07.2016/output_files/123.sof ;
+----------------------------------------------------+


+------------------------------------------------------------------------------+
; Assembler Device Options: C:/quartus_project/19.07.2016/output_files/123.sof ;
+----------------+-------------------------------------------------------------+
; Option         ; Setting                                                     ;
+----------------+-------------------------------------------------------------+
; Device         ; 5CSEMA4U23C6                                                ;
; JTAG usercode  ; 0x0043B58E                                                  ;
; Checksum       ; 0x0043B58E                                                  ;
+----------------+-------------------------------------------------------------+


+--------------------+
; Assembler Messages ;
+--------------------+
Info: *******************************************************************
Info: Running Quartus Prime Assembler
    Info: Version 16.0.0 Build 211 04/27/2016 SJ Lite Edition
    Info: Processing started: Tue Jul 19 07:02:17 2016
Info: Command: quartus_asm --read_settings_files=off --write_settings_files=off 123 -c 123
Info (115030): Assembler is generating device programming files
Info: Quartus Prime Assembler was successful. 0 errors, 0 warnings
    Info: Peak virtual memory: 902 megabytes
    Info: Processing ended: Tue Jul 19 07:02:26 2016
    Info: Elapsed time: 00:00:09
    Info: Total CPU time (on all processors): 00:00:08


